204
2140
1662
882
245
171
168
961
720
1512
1583
2018
2131
2484
237
705
1577
73
193
1600
688
2075
701
2012
2124
821
6
253
324
913
925
2050
201
370
344
328
1066
1954
2026
578
364
402
989
193
926
1218
90
259
2015
658
71
564
1005
586
524
992
1979
462
1704
546
11
1827
2190
1301
1145
662
532
151
494
1110
555
321
1068
27
1966
1292
1006
1452
1509
1607
1230
707
901
41
2338
858
269
732
126
31
214
960
829
1468
1574
1079
1133
517
627
517
1888
574
155
1311
1521
13
1754
1473
1
2181
1218
100
2304
2495
1230
1504
2678
1525
2615
552
1474
1905
630
2010
794
724
2078
875
469
1691
1629
380
886
245
211
419
1754
1962
221
2242
1908
681
619
2240
180
867
345
75
71
401
414
1232
2301
1483
90
589
999
1156
93
1619
2194
1048
748
2180
1469
1786
2085
596
1714
1190
743
1596
910
350
300
54
2106
1505
1436
2482
25
150
1689
1289
1327
453
43
91
350
385
107
570
735
983
1159
1059
773
206
705
92
283
54
182
368
336
443
200
459
733
145
500
971
721
44
546
1077
707
941
2561
1184
1404
862
416
423
768
2044
1930
427
1693
1677
1374
2390
297
342
554
390
302
612
1291
1174
506
12
1793
1627
1480
236
124
250
799
2197
1
405
735
212
1958
440
10
1690
834
2498
1508
1254
477
976
1928
1355
587
638
304
39
792
1109
56
344
175
382
148
611
310
63
343
1466
381
197
23
926
1145
1183
1617
2098
1937
67
152
2350
562
2294
1152
613
277
1912
1479
544
408
174
874
1637
1076
1350
25
301
198
203
360
1581
1807
438
331
2480
1708
497
1835
802
1574
329
425
724
970
1945
376
221
432
922
360
559
833
1265
2240
436
1230
596
466
651
769
1575
364
191
1274
1664
1839
570
1755
365
374
1075
62
12
428
1640
1130
683
331
334
651
1710
1137
397
684
882
65
721
113
1751
339
143
1697
70
989
609
2029
477
558
890
808
928
16
22
2175
1549
413
2024
390
564
1490
1542
248
871
445
159
246
1740
996
244
427
708
190
1288
337
341
1602
2501
291
1239
1571
250
1232
499
2000
1092
1085
1612
188
515
1624
556
299
85
1524
2243
1060
434
1958
548
1204
1215
465
250
1365
32
3
255
2141
596
1615
401
1883
67
1650
1769
2156
687
387
1235
1946
315
1087
312
738
722
359
835
537
610
1517
856
952
2002
1936
240
647
58
54
102
1496
979
430
1083
544
1067
95
1617
47
204
1296
543
159
721
705
1351
130
112
2194
824
2174
694
814
852
1484
1052
1428
1567
932
1039
1625
1135
653
117
83
366
510
752
1304
1287
433
443
501
1137
892
90
1591
246
462
1817
815
1944
1042
1837
1258
166
2309
692
516
546
714
1244
1051
1543
1502
422
97
1291
275
1770
303
833
862
185
1232
44
717
884
251
1432
311
2486
58
1894
1984
1183
972
1615
320
1282
1358
197
872
244
142
1853
296
1539
1473
1857
1528
938
712
136
198
157
1282
2145
1331
91
196
1283
1614
636
1163
584
682
834
1396
1078
194
861
33
1008
346
23
986
185
1400
910
2094
389
883
1380
891
633
127
727
746
1715
54
1034
718
346
403
50
184
219
368
323
62
1342
676
1310
191
2111
510
1451
1882
97
1227
410
108
2382
1844
963
1103
1545
98
281
446
1561
725
959
857
1256
12
1048
921
1466
194
626
609
2514
663
321
2029
3
40
782
1712
274
1677
773
496
13
1100
1889
408
1343
680
1265
1541
18
77
2081
1833
1406
1326
1065
1079
1673
1291
52
1249
358
1593
423
1779
1047
836
1076
75
555
1109
1936
1891
1686
2008
243
392
1456
1013
1681
90
411
1273
1694
628
679
130
2407
208
177
340
785
910
541
345
778
1729
1151
2273
1681
1383
194
1534
1263
1023
1353
712
1196
2194
219
2324
1799
415
2010
526
117
682
1947
1644
63
7
24
1380
1396
559
1343
457
1545
1780
750
2213
1968
2031
1235
80
267
2110
1384
603
64
1492
1513
1283
1420
517
434
1170
157
1399
1000
2001
438
72
874
2259
1161
748
157
453
341
1522
75
650
898
303
416
872
557
169
458
2080
1744
1684
2094
1272
154
432
1531
10
1888
130
87
1230
959
1537
919
21
219
650
676
1324
189
1244
181
1444
568
299
600
1813
488
2455
738
561
1041
1823
1524
1026
1480
468
1289
757
1423
58
1438
866
492
40
310
20
254
2203
34
923
183
902
408
1601
1915
1472
160
420
1233
1067
637
712
183
690
856
1730
847
151
832
52
119
2290
1855
1990
1662
35
509
1265
1500
1810
595
198
1197
1962
603
144
1363
991
2106
2233
287
776
843
651
135
2317
483
415
814
674
244
1693
387
93
551
1955
1538
115
1710
355
1428
708
81
808
1384
1231
462
1276
2348
1230
1496
627
328
705
1091
2411
588
1647
1088
1234
542
281
1433
69
641
2143
1487
1023
647
1732
999
828
1239
434
651
600
442
34
2710
688
802
1449
31
263
337
1022
367
1811
1452
588
467
2332
695
295
279
607
829
577
171
1481
2079
513
532
2064
1033
163
114
524
343
1115
1970
282
269
914
60
129
368
511
971
1516
1862
194
1376
306
1697
361
219
424
347
782
1721
