888
12 0
12 9970
16 9970
16 13
22 13
22 9965
23 9965
23 46
61 46
61 52
63 52
63 9948
9979 9948
9979 9977
10001 9977
79 9977
79 61
128 61
128 9934
9956 9934
132 9934
132 86
9921 86
9921 67
9950 67
137 67
137 9849
153 9849
153 94
9905 94
178 94
178 9790
9896 9790
9896 9810
9915 9810
9915 9922
9925 9922
190 9922
190 9786
194 9786
194 125
9892 125
241 125
241 9767
313 9767
313 192
9854 192
9854 176
344 176
344 9738
9845 9738
9845 9765
9877 9765
9877 9785
350 9785
350 262
351 262
351 9732
9830 9732
363 9732
363 9707
369 9707
369 264
9833 264
9833 225
375 225
375 9666
379 9666
379 282
9790 282
394 282
394 9657
406 9657
406 369
9702 369
9702 306
9762 306
420 306
420 9611
9655 9611
9655 9658
9811 9658
9811 9706
423 9706
423 379
447 379
447 9590
448 9590
448 463
483 463
483 9505
9612 9505
489 9505
489 524
518 524
518 551
549 551
549 9487
9587 9487
9587 9496
551 9496
551 9464
563 9464
563 577
9559 577
9559 549
9635 549
9635 464
570 464
570 9441
9526 9441
9526 9468
9557 9468
572 9468
572 588
587 588
587 9419
591 9419
591 616
9479 616
9479 604
9503 604
9503 589
595 589
595 9394
606 9394
606 9368
649 9368
649 641
9460 641
9460 635
650 635
650 678
656 678
656 9371
9496 9371
9496 9412
697 9412
697 690
9435 690
9435 671
699 671
699 9332
764 9332
764 721
9396 721
9396 695
774 695
774 752
798 752
798 9235
9353 9235
9353 9293
9382 9293
830 9293
830 9163
831 9163
831 764
9359 764
9359 750
842 750
842 9156
844 9156
844 777
9334 777
883 777
883 852
886 852
886 9157
9271 9157
909 9157
909 9130
915 9130
915 899
9166 899
9166 875
9214 875
962 875
962 907
1031 907
1031 9058
9216 9058
9216 9145
9240 9145
1037 9145
1037 934
1070 934
1070 9019
9106 9019
9106 9045
1073 9045
1073 954
9146 954
9146 909
1090 909
1090 8995
1116 8995
1116 985
9056 985
9056 967
1122 967
1122 1001
1135 1001
1135 8887
9019 8887
9019 8952
9059 8952
9059 8992
1145 8992
1145 8783
1160 8783
1160 1076
8935 1076
8935 1058
8990 1058
8990 1006
9013 1006
1173 1006
1173 1097
1175 1097
1175 8787
8944 8787
1201 8787
1201 8715
1208 8715
1208 1126
1221 1126
1221 8704
1226 8704
1226 1129
8892 1129
1257 1129
1257 1221
1258 1221
1258 8703
8904 8703
8904 8731
1274 8731
1274 8687
1276 8687
1276 1252
8855 1252
1289 1252
1289 8673
1296 8673
1296 1268
8845 1268
1308 1268
1308 1365
1344 1365
1344 8571
8819 8571
8819 8670
8865 8670
8865 8692
1349 8692
1349 1397
8772 1397
8772 1367
8810 1367
8810 1345
1412 1345
1412 1417
8750 1417
8750 1414
1415 1414
1415 8551
1452 8551
1452 1516
8720 1516
8720 1511
1475 1511
1475 1530
1476 1530
1476 8518
1488 8518
1488 8509
1501 8509
1501 1581
8612 1581
8612 1563
8630 1563
8630 1532
8701 1532
1538 1532
1538 8433
8615 8433
8615 8479
8631 8479
8631 8505
1539 8505
1539 1596
1558 1596
1558 8374
8544 8374
8544 8430
1577 8430
1577 8364
1579 8364
1579 1661
1624 1661
1624 1672
1629 1672
1629 8372
8506 8372
1647 8372
1647 8310
1649 8310
1649 1666
8468 1666
1666 1666
1666 8309
1691 8309
1691 1712
8405 1712
1694 1712
1694 8257
8401 8257
8401 8313
8446 8313
8446 8325
1775 8325
1775 1764
1780 1764
1780 8181
8343 8181
8343 8242
8350 8242
1809 8242
1809 1825
8303 1825
8303 1818
8351 1818
8351 1729
8382 1729
1811 1729
1811 8177
1814 8177
1814 1832
1878 1832
1878 1911
1890 1911
1890 8123
8267 8123
8267 8176
8285 8176
1903 8176
1903 8102
1904 8102
1904 1981
8269 1981
8269 1910
1972 1910
1972 8099
1975 8099
1975 2033
1993 2033
1993 8075
1997 8075
1997 2046
8112 2046
2049 2046
2049 2077
2064 2077
2064 8002
8078 8002
8078 8035
8137 8035
8137 8107
8216 8107
2097 8107
2097 7991
2098 7991
2098 2200
8037 2200
8037 2112
8094 2112
8094 2070
2139 2070
2139 2211
2148 2211
2148 2303
2189 2303
2189 7932
7932 7932
7932 7953
8006 7953
8006 8001
8030 8001
2191 8001
2191 7876
2199 7876
2199 2316
7935 2316
7935 2285
8002 2285
8002 2218
2242 2218
2242 2343
2244 2343
2244 7870
7918 7870
2256 7870
2256 2355
7905 2355
7905 2341
2259 2341
2259 7828
2262 7828
2262 2364
2272 2364
2272 7757
2337 7757
2337 2393
7865 2393
7865 2367
2340 2367
2340 7717
7833 7717
7833 7756
7866 7756
7866 7827
7881 7827
2349 7827
2349 2484
2360 2484
2360 7678
7762 7678
2371 7678
2371 2503
7763 2503
7763 2485
7835 2485
7835 2418
2396 2418
2396 7647
2399 7647
2399 2510
7746 2510
7746 2505
2452 2505
2452 7547
2517 7547
2517 2594
7648 2594
7648 2570
2550 2570
2550 2637
2582 2637
2582 7509
7596 7509
7596 7536
7643 7536
7643 7669
7747 7669
2595 7669
2595 2719
7548 2719
7548 2654
7599 2654
7599 2638
2602 2638
2602 2721
2607 2721
2607 7493
7542 7493
2631 7493
2631 7402
2673 7402
2673 2762
7468 2762
7468 2754
2684 2754
2684 2828
2710 2828
2710 7370
7458 7370
7458 7403
7538 7403
7538 7465
2758 7465
2758 2873
2780 2873
2780 7301
7390 7301
7390 7361
7406 7361
2791 7361
2791 2898
7388 2898
7388 2876
7402 2876
7402 2821
7412 2821
2793 2821
2793 7265
2817 7265
2817 2904
2823 2904
2823 2997
2832 2997
2832 7235
7341 7235
7341 7262
7376 7262
2843 7262
2843 3040
7297 3040
7297 2994
7343 2994
7343 2909
2885 2909
2885 7167
2886 7167
2886 3052
7289 3052
7289 3048
2934 3048
2934 3112
2959 3112
2959 7043
7194 7043
7194 7129
7285 7129
7285 7200
7293 7200
2968 7200
2968 3162
7181 3162
7181 3155
7201 3155
7201 3118
2990 3118
2990 3186
7163 3186
7163 3185
2997 3185
2997 7032
3008 7032
3008 3204
3014 3204
3014 7019
3040 7019
3040 6976
3172 6976
3172 3284
7093 3284
7093 3225
7130 3225
7130 3207
7155 3207
3211 3207
3211 3309
3216 3309
3216 6970
7107 6970
7107 7015
7159 7015
7159 7020
3221 7020
3221 3394
7036 3394
7036 3302
7089 3302
7089 3285
3223 3285
3223 6852
3282 6852
3282 3434
6986 3434
6986 3426
7018 3426
3352 3426
3352 3454
3357 3454
3357 6823
6981 6823
6981 6847
7014 6847
3386 6847
3386 3462
3388 3462
3388 6817
3459 6817
3459 3475
3483 3475
3483 6793
6951 6793
6951 6815
3487 6815
3487 3492
6948 3492
6948 3472
3515 3472
3515 6696
3517 6696
3517 3494
6911 3494
3528 3494
3528 6675
3571 6675
3571 3546
6851 3546
3573 3546
3573 6656
3587 6656
3587 3612
3606 3612
3606 6600
3620 6600
3620 3646
6819 3646
6819 3616
6823 3616
3640 3616
3640 6567
3659 6567
3659 6523
3736 6523
3736 3715
6656 3715
6656 3687
6773 3687
6773 3656
3743 3656
3743 6472
6623 6472
6623 6520
6704 6520
6704 6564
6795 6564
6795 6603
6845 6603
6845 6677
6879 6677
6879 6691
3744 6691
3744 3728
3754 3728
3754 6471
6619 6471
3758 6471
3758 3736
6572 3736
6572 3731
3768 3731
3768 6457
3770 6457
3770 3799
6546 3799
6546 3779
3811 3779
3811 6424
6495 6424
6495 6443
6542 6443
6542 6453
3812 6453
3812 3819
3843 3819
3843 6419
3867 6419
3867 6350
3882 6350
3882 3891
6443 3891
6443 3841
6454 3841
3916 3841
3916 6330
6439 6330
6439 6358
6452 6358
6452 6415
3919 6415
3919 3927
3922 3927
3922 6309
3948 6309
3948 3964
3950 3964
3950 6264
6333 6264
6333 6271
3985 6271
3985 4007
6282 4007
6282 3973
6339 3973
6339 3958
6398 3958
6398 3921
4007 3921
4007 6229
4030 6229
4030 4116
6224 4116
6224 4104
6256 4104
6256 4098
4063 4098
4063 6127
6229 6127
6229 6186
6252 6186
6252 6250
6289 6250
4120 6250
4120 4145
4126 4145
4126 6124
6202 6124
4133 6124
4133 6058
4146 6058
4146 4172
6152 4172
6152 4149
6208 4149
6208 4120
4150 4120
4150 5983
4157 5983
4157 4181
6109 4181
4181 4181
4181 5934
4194 5934
4194 4190
6063 4190
4271 4190
4271 4223
4276 4223
4276 5848
6065 5848
6065 6028
6157 6028
6157 6056
4287 6056
4287 4233
4294 4233
4294 5788
6011 5788
6011 5830
6039 5830
4324 5830
4324 5768
4330 5768
4330 4334
5963 4334
5963 4277
6012 4277
6012 4213
6049 4213
4383 4213
4383 5738
4385 5738
4385 4338
5945 4338
4411 4338
4411 4378
4414 4378
4414 5725
5962 5725
5962 5765
4420 5765
4420 5654
4423 5654
4423 4367
5934 4367
4433 4367
4433 5635
4437 5635
4437 4422
5870 4422
4482 4422
4482 4449
4486 4449
4486 5659
5908 5659
4508 5659
4508 4483
4552 4483
4552 5572
5834 5572
5834 5590
4569 5590
4569 5524
4580 5524
4580 4525
5786 4525
5786 4516
5818 4516
5818 4485
5827 4485
4598 4485
4598 5432
5771 5432
5771 5523
5819 5523
5819 5563
4600 5563
4600 4553
4626 4553
4626 5348
5741 5348
5741 5394
4634 5394
4634 4601
5710 4601
5710 4558
5777 4558
5777 4545
4658 4545
4658 5296
4659 5296
4659 4650
5640 4650
5640 4606
4669 4606
4669 4666
4688 4666
4688 5258
5614 5258
5614 5274
5643 5274
5643 5302
4857 5302
4857 4709
4884 4709
4884 5246
5603 5246
5603 5252
4887 5252
4887 4718
4900 4718
4900 4781
4998 4781
4998 5204
5541 5204
5014 5204
5014 4797
5461 4797
5461 4786
5543 4786
5543 4680
5620 4680
5620 4661
5037 4661
5037 5164
5041 5164
5041 4808
5430 4808
5044 4808
5044 5153
5103 5153
5103 4829
5385 4829
5385 4819
5128 4819
5128 5080
5347 5080
5347 5130
5431 5130
5431 5176
5468 5176
5145 5176
5145 4879
5163 4879
5163 5022
5320 5022
5320 5064
5214 5064
5214 4997
5221 4997
5221 4907
5289 4907
5289 4895
5311 4895
5311 4877
5346 4877
5346 4851
5248 4851
5248 4955
5272 4955
5272 4931
5309 4931
5309 4998
