5258
7 0
7 23746
14 23746
14 8028
69 8028
69 4291
86 4291
86 1722
134 1722
134 148
492 148
492 3
7567 3
17 3
17 9390
25 9390
25 8468
79 8468
79 3710
125 3710
125 1255
165 1255
165 334
780 334
780 175
2886 175
2886 127
8163 127
8163 32
9471 32
9471 14
27 14
27 14991
36 14991
36 10745
84 10745
84 6932
100 6932
100 4340
208 4340
208 1094
722 1094
722 444
2184 444
2184 224
4363 224
4363 152
8612 152
8612 105
9194 105
9194 22
11286 22
33 22
33 20858
41 20858
41 11598
131 11598
131 6713
163 6713
163 1655
436 1655
436 935
1505 935
1505 450
3126 450
3126 282
6754 282
6754 151
10425 151
10425 48
12044 48
12044 23
15229 23
39 23
39 22399
53 22399
53 12758
108 12758
108 11099
174 11099
174 4569
211 4569
211 1498
1086 1498
1086 804
2142 804
2142 505
2312 505
2312 354
7324 354
7324 271
10098 271
10098 140
13258 140
13258 36
14477 36
14477 27
23779 27
23779 25
56 25
56 20763
59 20763
59 13087
180 13087
180 9264
207 9264
207 2886
285 2886
285 1382
1314 1382
1314 1252
1811 1252
1811 922
2485 922
2485 561
3275 561
3275 411
8261 411
8261 333
10720 333
10720 150
16074 150
16074 31
17921 31
72 31
72 19539
114 19539
114 9960
219 9960
219 6725
314 6725
314 1970
923 1970
923 1780
1600 1780
1600 1080
2563 1080
2563 852
3629 852
3629 638
5030 638
5030 350
12110 350
12110 243
16186 243
16186 104
19737 104
19737 54
24327 54
105 54
105 20252
177 20252
177 14744
197 14744
197 8993
318 8993
318 3397
609 3397
609 2360
1257 2360
1257 2087
1609 2087
1609 1155
3495 1155
3495 779
4797 779
4797 644
5345 644
5345 426
13494 426
13494 325
15665 325
15665 253
19442 253
19442 71
19801 71
110 71
110 22786
116 22786
116 14211
231 14211
231 11166
344 11166
344 3717
632 3717
632 2857
1097 2857
1097 2466
1938 2466
1938 1852
3176 1852
3176 1465
3254 1465
3254 1233
3820 1233
3820 702
5227 702
5227 579
6956 579
6956 468
9418 468
9418 437
15562 437
15562 281
18194 281
18194 254
20365 254
20365 109
24343 109
24343 97
135 97
135 20890
221 20890
221 19462
258 19462
258 11919
299 11919
299 10457
353 10457
353 7216
374 7216
374 5375
579 5375
579 4761
779 4761
779 3703
1216 3703
1216 3044
1519 3044
1519 2137
2204 2137
2204 1560
3487 1560
3487 1460
3852 1460
3852 803
5402 803
5402 655
6069 655
6069 554
8643 554
8643 453
15889 453
15889 384
18507 384
18507 118
20404 118
141 118
141 21769
226 21769
226 18210
312 18210
312 10131
386 10131
386 6330
419 6330
419 6011
666 6011
666 5374
847 5374
847 3898
1467 3898
1467 3590
1798 3590
1798 2544
2562 2544
2562 1887
3528 1887
3528 1326
4225 1326
4225 830
6023 830
6023 728
6653 728
6653 704
7079 704
7079 572
9910 572
9910 481
10603 481
10603 439
20498 439
20498 298
21028 298
21028 125
21224 125
239 125
239 24987
246 24987
246 23314
272 23314
272 20426
315 20426
315 18768
391 18768
391 14974
433 14974
433 10818
532 10818
532 7520
701 7520
701 5518
785 5518
785 5316
936 5316
936 3965
1880 3965
1880 3020
2384 3020
2384 2449
2757 2449
2757 2155
3553 2155
3553 1838
4160 1838
4160 914
5641 914
5641 751
9395 751
9395 628
10259 628
10259 496
17094 496
17094 313
22263 313
22263 132
356 132
356 20409
452 20409
452 14282
484 14282
484 11634
553 11634
553 10074
661 10074
661 6612
717 6612
717 5396
1126 5396
1126 5246
1236 5246
1236 4375
1917 4375
1917 3162
2664 3162
2664 2667
3202 2667
3202 2293
4002 2293
4002 1754
4774 1754
4774 1162
5243 1162
5243 784
11349 784
11349 618
13630 618
13630 580
16082 580
16082 492
21789 492
21789 347
23869 347
23869 267
24418 267
24418 236
363 236
363 21012
465 21012
465 12071
622 12071
622 10361
716 10361
716 6340
1148 6340
1148 6052
1499 6052
1499 5099
1737 5099
1737 4515
1864 4515
1864 4229
2494 4229
2494 3090
3010 3090
3010 2534
4070 2534
4070 2001
4614 2001
4614 1831
4697 1831
4697 1408
5296 1408
5296 965
7354 965
7354 847
8961 847
8961 782
12693 782
12693 729
14039 729
14039 634
16779 634
16779 563
18932 563
18932 427
23575 427
23575 368
24534 368
376 368
376 22178
463 22178
463 20914
511 20914
511 13111
635 13111
635 9088
759 9088
759 7981
934 7981
934 5581
1806 5581
1806 4485
2539 4485
2539 2994
3245 2994
3245 2729
4130 2729
4130 2439
4494 2439
4494 2078
4949 2078
4949 1783
5087 1783
5087 1009
9462 1009
9462 815
14587 815
14587 780
15893 780
15893 708
16491 708
16491 629
21374 629
21374 489
23729 489
23729 455
23864 455
471 455
471 21475
542 21475
542 14536
627 14536
627 13121
766 13121
766 9774
956 9774
956 6610
1469 6610
1469 5953
2004 5953
2004 5325
2233 5325
2233 4545
2611 4545
2611 4264
2774 4264
2774 4196
2907 4196
2907 3093
3840 3093
3840 2789
4419 2789
4419 2305
4954 2305
4954 1744
6056 1744
6056 1061
6823 1061
6823 1027
11192 1027
11192 926
12638 926
12638 820
15817 820
15817 723
17851 723
17851 712
20817 712
20817 539
24392 539
24392 488
570 488
570 23406
576 23406
576 15528
710 15528
710 12494
894 12494
894 10103
977 10103
977 6822
1729 6822
1729 6453
1988 6453
1988 5756
2164 5756
2164 5217
2462 5217
2462 4393
2902 4393
2902 4176
3590 4176
3590 3554
3782 3554
3782 2984
4623 2984
4623 2473
5437 2473
5437 1916
6189 1916
6189 1051
9094 1051
9094 1015
12791 1015
12791 828
18278 828
18278 731
19623 731
19623 607
22326 607
22326 569
24795 569
606 569
606 21489
643 21489
643 15788
799 15788
799 12814
944 12814
944 11725
1081 11725
1081 7532
1556 7532
1556 7066
2210 7066
2210 5945
2492 5945
2492 4747
2981 4747
2981 4367
3229 4367
3229 4253
3607 4253
3607 3840
4311 3840
4311 3367
4712 3367
4712 2560
5239 2560
5239 2482
6058 2482
6058 1156
7645 1156
7645 1129
9350 1129
9350 1040
13415 1040
13415 908
18101 908
18101 834
19122 834
19122 763
24855 763
24855 682
612 682
612 21782
735 21782
735 12875
1109 12875
1109 10627
1188 10627
1188 7617
1326 7617
1326 7544
2439 7544
2439 6563
2639 6563
2639 5589
3003 5589
3003 4983
3260 4983
3260 4212
4048 4212
4048 3872
4738 3872
4738 2795
5254 2795
5254 2535
6270 2535
6270 1601
7110 1601
7110 1152
10003 1152
10003 1073
14482 1073
14482 952
19040 952
19040 856
22467 856
22467 833
617 833
617 22456
654 22456
654 22039
739 22039
739 18838
811 18838
811 14358
900 14358
900 12519
1222 12519
1222 9376
1345 9376
1345 7681
2652 7681
2652 6436
2768 6436
2768 5714
3252 5714
3252 5212
3441 5212
3441 5063
3880 5063
3880 3860
5056 3860
5056 2917
5584 2917
5584 2046
6911 2046
6911 1723
7312 1723
7312 1154
13030 1154
13030 1103
14078 1103
14078 1074
16975 1074
16975 1026
20464 1026
20464 874
22794 874
22794 860
639 860
639 23450
752 23450
752 19338
814 19338
814 16488
970 16488
970 14890
1038 14890
1038 11793
1296 11793
1296 8673
1970 8673
1970 7883
2800 7883
2800 5944
3425 5944
3425 5218
4063 5218
4063 4855
4300 4855
4300 4419
4816 4419
4816 3771
5289 3771
5289 2979
6027 2979
6027 2416
6602 2416
6602 2160
7106 2160
7106 1270
9889 1270
9889 1194
13759 1194
13759 1144
20001 1144
20001 1030
22019 1030
22019 868
23952 868
23952 863
659 863
659 24330
713 24330
713 22222
826 22222
826 17961
939 17961
939 17261
998 17261
998 16247
1028 16247
1028 13825
1381 13825
1381 11032
1484 11032
1484 10607
1719 10607
1719 9621
2396 9621
2396 7920
2895 7920
2895 5582
4171 5582
4171 4630
4850 4630
4850 4213
5004 4213
5004 3199
6374 3199
6374 2644
6815 2644
6815 2173
7424 2173
7424 1441
8363 1441
8363 1275
11323 1275
11323 1223
17266 1223
17266 1190
21326 1190
21326 1150
22089 1150
22089 939
23876 939
816 939
816 23524
831 23524
831 19214
974 19214
974 16808
1150 16808
1150 14893
1307 14893
1307 14359
1427 14359
1427 13138
1480 13138
1480 10936
1901 10936
1901 10201
2108 10201
2108 9651
2467 9651
2467 8550
2564 8550
2564 6236
3378 6236
3378 6043
4085 6043
4085 5847
4581 5847
4581 5022
4706 5022
4706 4757
4971 4757
4971 4087
5447 4087
5447 3569
5784 3569
5784 3030
6922 3030
6922 2184
7726 2184
7726 1523
8180 1523
8180 1392
9408 1392
9408 1342
11967 1342
11967 1266
20300 1266
20300 1211
21782 1211
21782 1023
22567 1023
22567 975
24517 975
864 975
864 24249
866 24249
866 19643
982 19643
982 16677
1308 16677
1308 15175
1378 15175
1378 13383
1502 13383
1502 11445
2061 11445
2061 10638
2578 10638
2578 7048
3400 7048
3400 6256
3798 6256
3798 5241
4894 5241
4894 4616
5442 4616
5442 4211
6227 4211
6227 2674
7131 2674
7131 2568
7857 2568
7857 1399
12466 1399
12466 1271
20499 1271
20499 1254
22284 1254
22284 1082
24322 1082
24322 1000
876 1000
876 24917
908 24917
908 20242
1013 20242
1013 18541
1169 18541
1169 15439
1466 15439
1466 12798
1669 12798
1669 11992
1782 11992
1782 11646
2123 11646
2123 11060
2273 11060
2273 10755
2668 10755
2668 8397
2850 8397
2850 7991
3225 7991
3225 6534
4045 6534
4045 6288
4904 6288
4904 4710
5611 4710
5611 4287
6577 4287
6577 3724
7132 3724
7132 2788
7748 2788
7748 2300
8137 2300
8137 1861
8661 1861
8661 1558
11199 1558
11199 1426
13634 1426
13634 1283
16831 1283
16831 1249
22483 1249
22483 1099
24551 1099
24551 1008
918 1008
918 21045
1075 21045
1075 19074
1292 19074
1292 17394
1393 17394
1393 15497
1582 15497
1582 12414
1778 12414
1778 12096
1894 12096
1894 11852
2249 11852
2249 11101
2742 11101
2742 9272
2953 9272
2953 9010
3160 9010
3160 8154
3482 8154
3482 7401
3892 7401
3892 6561
4957 6561
4957 5373
5016 5373
5016 4819
5916 4819
5916 4369
6509 4369
6509 3935
7223 3935
7223 3826
7847 3826
7847 2564
8812 2564
8812 1599
13165 1599
13165 1512
13239 1512
13239 1417
14446 1417
14446 1384
16571 1384
16571 1276
19686 1276
1048 1276
1048 21737
1184 21737
1184 19872
1355 19872
1355 17882
1425 17882
1425 16433
1633 16433
1633 13477
1664 13477
1664 12977
2507 12977
2507 11792
2911 11792
2911 10085
3167 10085
3167 7638
4128 7638
4128 7093
4842 7093
4842 6398
5122 6398
5122 4839
6466 4839
6466 4609
7018 4609
7018 3928
8105 3928
8105 3334
8146 3334
8146 2809
8322 2809
8322 2304
8970 2304
8970 2202
9208 2202
9208 1854
11088 1854
11088 1726
11309 1726
11309 1676
14817 1676
14817 1400
17659 1400
17659 1339
19759 1339
19759 1329
22188 1329
22188 1285
1112 1285
1112 23413
1116 23413
1116 21704
1273 21704
1273 20711
1368 20711
1368 19230
1512 19230
1512 16764
1670 16764
1670 13400
1933 13400
1933 12486
2878 12486
2878 11717
3014 11717
3014 10175
3165 10175
3165 8927
3556 8927
3556 7930
3848 7930
3848 7842
4216 7842
4216 7106
4986 7106
4986 5657
6335 5657
6335 4949
6598 4949
6598 4776
8068 4776
8068 4056
8193 4056
8193 2580
9304 2580
9304 1857
11715 1857
11715 1688
15518 1688
15518 1544
17060 1544
17060 1385
23829 1385
23829 1316
1201 1316
1201 23843
1204 23843
1204 23224
1376 23224
1376 20337
1494 20337
1494 17539
1685 17539
1685 14573
1738 14573
1738 13900
2077 13900
2077 13581
2271 13581
2271 13256
2722 13256
2722 10891
3186 10891
3186 10435
3348 10435
3348 9133
3394 9133
3394 8763
3925 8763
3925 8392
4213 8392
4213 7977
4268 7977
4268 7075
5062 7075
5062 6726
5874 6726
5874 6013
6048 6013
6048 5492
6386 5492
6386 5055
7349 5055
7349 4950
8213 4950
8213 4258
8263 4258
8263 2982
9229 2982
9229 2111
11795 2111
11795 1839
12609 1839
12609 1699
15927 1699
15927 1559
18124 1559
18124 1492
19572 1492
19572 1407
21634 1407
1208 1407
1208 23527
1413 23527
1413 21014
1563 21014
1563 17796
1769 17796
1769 14011
2314 14011
2314 13530
2901 13530
2901 12878
3059 12878
3059 10842
3451 10842
3451 9386
4246 9386
4246 8700
4478 8700
4478 7363
5933 7363
5933 5716
6462 5716
6462 5202
8086 5202
8086 3762
8581 3762
8581 3007
9621 3007
9621 2199
11027 2199
11027 2122
11830 2122
11830 1856
13472 1856
13472 1796
15928 1796
15928 1635
18940 1635
18940 1507
20158 1507
20158 1481
23543 1481
23543 1435
24039 1435
1255 1435
1255 24857
1276 24857
1276 23756
1518 23756
1518 21198
1608 21198
1608 18447
1697 18447
1697 15846
1861 15846
1861 14433
2223 14433
2223 13830
3249 13830
3249 11513
3420 11513
3420 10724
3759 10724
3759 9169
4713 9169
4713 7501
5258 7501
5258 7377
6140 7377
6140 6046
6544 6046
6544 5665
6711 5665
6711 5495
7183 5495
7183 5229
8264 5229
8264 4555
8439 4555
8439 3461
9743 3461
9743 3022
9929 3022
9929 2075
13426 2075
13426 1843
16105 1843
16105 1648
20687 1648
20687 1542
21973 1542
21973 1520
22635 1520
1300 1520
1300 24471
1683 24471
1683 18114
1817 18114
1817 14819
2279 14819
2279 13842
3283 13842
3283 11826
3679 11826
3679 11326
3785 11326
3785 10373
3857 10373
3857 9664
4390 9664
4390 8971
4862 8971
4862 7634
5059 7634
5059 7449
6223 7449
6223 6090
6758 6090
6758 5706
7826 5706
7826 4890
8490 4890
8490 4090
9014 4090
9014 3728
9318 3728
9318 2418
10158 2418
10158 2316
13579 2316
13579 1903
16606 1903
16606 1786
17840 1786
17840 1649
21851 1649
21851 1568
23777 1568
23777 1555
1369 1555
1369 24925
1536 24925
1536 22159
1765 22159
1765 19909
1828 19909
1828 15321
2022 15321
2022 15075
2549 15075
2549 13915
3399 13915
3399 12349
3582 12349
3582 9956
3978 9956
3978 9575
4790 9575
4790 8167
5113 8167
5113 7511
6243 7511
6243 6778
6435 6778
6435 6327
6615 6327
6615 6048
7918 6048
7918 4568
9141 4568
9141 3937
9914 3937
9914 3481
10674 3481
10674 2361
11313 2361
11313 2204
14704 2204
14704 1919
17987 1919
17987 1768
19646 1768
19646 1693
22861 1693
22861 1605
24080 1605
24080 1598
1732 1598
1732 22231
1839 22231
1839 16581
2034 16581
2034 15688
2542 15688
2542 15298
2630 15298
2630 13933
3513 13933
3513 12313
4012 12313
4012 10561
4257 10561
4257 9693
4399 9693
4399 8767
5039 8767
5039 8188
5955 8188
5955 7543
6344 7543
6344 6519
6504 6519
6504 6437
7071 6437
7071 6145
8627 6145
8627 4846
8860 4846
8860 4078
9931 4078
9931 3620
10564 3620
10564 3336
10955 3336
10955 2336
14431 2336
14431 1989
15489 1989
15489 1869
21319 1869
21319 1659
24779 1659
24779 1602
24793 1602
1863 1602
1863 24412
1896 24412
1896 16665
2151 16665
2151 15808
2828 15808
2828 14393
3584 14393
3584 11564
4239 11564
4239 11104
4277 11104
4277 10176
4611 10176
4611 8909
5718 8909
5718 8017
6451 8017
6451 7560
6532 7560
6532 7015
6936 7015
6936 6359
8125 6359
8125 5707
8667 5707
8667 4972
9249 4972
9249 4162
9493 4162
9493 4105
10192 4105
10192 3656
11130 3656
11130 2500
12293 2500
12293 2353
14772 2353
14772 2229
15255 2229
15255 2034
16431 2034
16431 2008
18415 2008
18415 1890
21532 1890
21532 1719
24473 1719
1966 1719
1966 19817
1972 19817
1972 16832
2157 16832
2157 15014
2982 15014
2982 14578
3142 14578
3142 13249
4037 13249
4037 11601
4295 11601
4295 10726
4771 10726
4771 10655
4958 10655
4958 9780
5401 9780
5401 8288
6474 8288
6474 7724
7251 7724
7251 6406
7537 6406
7537 5160
9549 5160
9549 4189
10224 4189
10224 3827
11197 3827
11197 3368
11649 3368
11649 2711
11954 2711
11954 2424
14079 2424
14079 2402
15844 2402
15844 2065
19458 2065
19458 1901
21597 1901
21597 1803
1983 1803
1983 19709
1999 19709
1999 17368
2412 17368
2412 16804
2417 16804
2417 16208
2948 16208
2948 14817
3510 14817
3510 13955
3824 13955
3824 13146
4127 13146
4127 12746
4240 12746
4240 11636
4439 11636
4439 10907
5200 10907
5200 10209
5481 10209
5481 9107
6538 9107
6538 7725
7476 7725
7476 6730
7769 6730
7769 6252
9045 6252
9045 5659
9143 5659
9143 4735
10120 4735
10120 4245
11151 4245
11151 3532
12005 3532
12005 2817
13097 2817
13097 2734
14522 2734
14522 2214
16011 2214
16011 2150
18882 2150
18882 2076
21542 2076
21542 1837
23382 1837
23382 1811
2007 1811
2007 19662
2105 19662
2105 17894
2231 17894
2231 17572
2444 17572
2444 16389
2939 16389
2939 15636
2996 15636
2996 15413
3424 15413
3424 15120
3792 15120
3792 13537
4172 13537
4172 13028
4508 13028
4508 11443
4885 11443
4885 10913
5300 10913
5300 10071
5564 10071
5564 9501
6511 9501
6511 8999
6677 8999
6677 7878
7530 7878
7530 6848
7797 6848
7797 6514
8614 6514
8614 6426
9152 6426
9152 5992
9459 5992
9459 5225
9950 5225
9950 4746
10409 4746
10409 4370
11398 4370
11398 3911
12191 3911
12191 3338
12574 3338
12574 2952
13564 2952
13564 2549
15455 2549
15455 2448
16124 2448
16124 2181
21614 2181
21614 1943
22248 1943
22248 1902
24603 1902
24603 1829
2039 1829
2039 21741
2226 21741
2226 18367
2603 18367
2603 16896
2945 16896
2945 16036
3000 16036
3000 15521
3786 15521
3786 15237
3943 15237
3943 14456
3991 14456
3991 13721
4132 13721
4132 12549
4582 12549
4582 12105
5262 12105
5262 11090
5638 11090
5638 9763
6607 9763
6607 8871
7230 8871
7230 7984
7750 7984
7750 6857
8751 6857
8751 6711
9183 6711
9183 5419
9641 5419
9641 4886
10477 4886
10477 4492
11470 4492
11470 3963
12741 3963
12741 3190
13714 3190
13714 2966
14888 2966
14888 2623
16528 2623
16528 2234
22321 2234
22321 2049
23325 2049
23325 2010
23379 2010
2126 2010
2126 23373
2148 23373
2148 21870
2265 21870
2265 19351
2349 19351
2349 18790
2495 18790
2495 18571
2604 18571
2604 17957
2694 17957
2694 16920
3144 16920
3144 15835
4089 15835
4089 15097
4297 15097
4297 14173
4670 14173
4670 12223
5524 12223
5524 11321
5669 11321
5669 10313
5756 10313
5756 9975
6899 9975
6899 9054
7273 9054
7273 8427
7444 8427
7444 8110
8101 8110
8101 6991
8793 6991
8793 6792
9233 6792
9233 5559
10382 5559
10382 5033
11513 5033
11513 4894
11780 4894
11780 4019
13075 4019
13075 3709
13219 3709
13219 3137
15219 3137
15219 3028
15842 3028
15842 2719
16638 2719
16638 2382
17849 2382
17849 2283
21482 2283
21482 2089
24326 2089
24326 2023
2149 2023
2149 24337
2189 24337
2189 21492
2333 21492
2333 18090
2908 18090
2908 16657
3761 16657
3761 15549
4376 15549
4376 13654
4879 13654
4879 12346
5577 12346
5577 12307
5654 12307
5654 11356
5865 11356
5865 10236
6864 10236
6864 10215
6932 10215
6932 9276
7326 9276
7326 8760
8108 8760
8108 7177
8470 7177
8470 7026
9235 7026
9235 6206
10314 6206
10314 5863
10826 5863
10826 5078
12014 5078
12014 4101
13408 4101
13408 3408
14037 3408
14037 3304
16500 3304
16500 2469
17758 2469
17758 2398
21226 2398
21226 2291
23451 2291
23451 2274
24563 2274
24563 2176
2216 2176
2216 24878
2247 24878
2247 20523
2431 20523
2431 19847
2697 19847
2697 18239
2978 18239
2978 17082
3970 17082
3970 16541
4192 16541
4192 16091
4631 16091
4631 15587
4910 15587
4910 13216
5187 13216
5187 12487
5633 12487
5633 11858
5938 11858
5938 11495
6076 11495
6076 11147
6938 11147
6938 9837
7103 9837
7103 9397
7419 9397
7419 8574
8309 8574
8309 7685
8707 7685
8707 7311
9262 7311
9262 6578
9470 6578
9470 6360
10463 6360
10463 6025
10827 6025
10827 5485
11733 5485
11733 4584
12203 4584
12203 4193
13838 4193
13838 3825
14402 3825
14402 3494
15231 3494
15231 3308
16507 3308
16507 3127
16924 3127
16924 2834
17360 2834
17360 2483
23805 2483
23805 2348
23989 2348
2325 2348
2325 23897
2370 23897
2370 21482
2437 21482
2437 20277
2852 20277
2852 18558
3038 18558
3038 17578
3430 17578
3430 17279
4134 17279
4134 16398
4722 16398
4722 15759
4935 15759
4935 13209
5702 13209
5702 12303
6018 12303
6018 11487
6980 11487
6980 11269
7098 11269
7098 9460
8012 9460
8012 9187
8696 9187
8696 8771
8973 8771
8973 7636
9222 7636
9222 7041
9481 7041
9481 6582
10565 6582
10565 5980
11124 5980
11124 5536
11807 5536
11807 5168
12296 5168
12296 4820
13148 4820
13148 3622
15099 3622
15099 3331
17072 3331
17072 3108
17129 3108
17129 2858
17829 2858
17829 2539
19038 2539
19038 2492
2378 2492
2378 23551
2450 23551
2450 19784
2909 19784
2909 18607
3294 18607
3294 18514
3317 18514
3317 17986
3518 17986
3518 17305
4496 17305
4496 16550
4874 16550
4874 13940
5151 13940
5151 13848
5636 13848
5636 13157
6031 13157
6031 12043
6366 12043
6366 11300
7105 11300
7105 10194
7552 10194
7552 9588
8028 9588
8028 8947
9017 8947
9017 7621
9808 7621
9808 7334
10045 7334
10045 6911
11131 6911
11131 6576
11408 6576
11408 6261
11955 6261
11955 6054
12093 6054
12093 5436
12720 5436
12720 4931
13816 4931
13816 4270
14583 4270
14583 3726
15561 3726
15561 3422
17401 3422
17401 2933
17948 2933
17948 2758
18527 2758
18527 2537
22560 2537
22560 2493
2401 2493
2401 24673
2459 24673
2459 19787
3435 19787
3435 18268
3609 18268
3609 17509
5044 17509
5044 14259
5684 14259
5684 13052
6296 13052
6296 12323
6646 12323
6646 10720
7603 10720
7603 9671
9007 9671
9007 8044
9452 8044
9452 7755
10568 7755
10568 7294
10758 7294
10758 7128
11320 7128
11320 6571
11464 6571
11464 6184
12206 6184
12206 5739
12713 5739
12713 5324
13213 5324
13213 5220
13449 5220
13449 4707
14434 4707
14434 4306
14682 4306
14682 3849
15286 3849
15286 3824
15631 3824
15631 3736
17167 3736
17167 3623
17579 3623
17579 3396
17615 3396
17615 3172
18330 3172
18330 2864
19111 2864
19111 2525
23356 2525
2475 2525
2475 21189
2721 21189
2721 20780
3137 20780
3137 20601
3244 20601
3244 19978
3562 19978
3562 18762
3905 18762
3905 17616
5068 17616
5068 14854
5225 14854
5225 14071
6113 14071
6113 13392
6695 13392
6695 12418
7339 12418
7339 10791
7658 10791
7658 10674
7916 10674
7916 10227
8853 10227
8853 9474
9151 9474
9151 8516
9311 8516
9311 8351
10080 8351
10080 8038
10794 8038
10794 7530
11658 7530
11658 6648
12621 6648
12621 5777
13179 5777
13179 5187
14225 5187
14225 4354
15024 4354
15024 4068
15515 4068
15515 3819
17303 3819
17303 3225
18707 3225
18707 3036
19859 3036
19859 2737
20035 2737
20035 2680
21617 2680
21617 2559
21710 2559
2479 2559
2479 23504
2527 23504
2527 21612
2845 21612
2845 21440
3046 21440
3046 21115
3287 21115
3287 20008
3823 20008
3823 17691
4531 17691
4531 16998
5141 16998
5141 14247
6261 14247
6261 13908
6436 13908
6436 12637
6919 12637
6919 12559
7435 12559
7435 11012
7846 11012
7846 10596
8758 10596
8758 10067
9170 10067
9170 9032
9977 9032
9977 8434
10527 8434
10527 8137
11086 8137
11086 7565
11840 7565
11840 7033
12587 7033
12587 6026
12699 6026
12699 5617
14115 5617
14115 5210
14633 5210
14633 4406
14870 4406
14870 4316
15567 4316
15567 4061
15583 4061
15583 3919
16294 3919
16294 3878
17323 3878
17323 3669
18677 3669
18677 3226
19120 3226
19120 2800
20832 2800
20832 2573
22287 2573
2580 2573
2580 23573
2587 23573
2587 21715
2835 21715
2835 21668
3242 21668
3242 21356
3437 21356
3437 21099
3514 21099
3514 20672
3872 20672
3872 19867
4067 19867
4067 18845
4308 18845
4308 17963
5132 17963
5132 16915
5271 16915
5271 15102
5848 15102
5848 14845
6282 14845
6282 13690
6929 13690
6929 12194
7853 12194
7853 11273
7921 11273
7921 10709
8295 10709
8295 10614
8832 10614
8832 9839
10042 9839
10042 8344
10589 8344
10589 8083
11299 8083
11299 7382
12873 7382
12873 6180
13581 6180
13581 5786
13685 5786
13685 5302
14831 5302
14831 4461
16336 4461
16336 3960
17211 3960
17211 3894
18046 3894
18046 3657
18817 3657
18817 3377
19489 3377
19489 2768
23396 2768
23396 2592
23579 2592
23579 2586
2623 2586
2623 22954
2624 22954
2624 22278
3088 22278
3088 21889
3753 21889
3753 20490
3972 20490
3972 18793
4757 18793
4757 18213
4960 18213
4960 17272
5219 17272
5219 16564
5408 16564
5408 15269
6229 15269
6229 14205
6965 14205
6965 13439
7167 13439
7167 11605
8794 11605
8794 11198
8831 11198
8831 10070
9788 10070
9788 9402
10269 9402
10269 8623
11687 8623
11687 8126
12237 8126
12237 7404
13216 7404
13216 6220
13944 6220
13944 5813
14220 5813
14220 5345
14727 5345
14727 4979
15546 4979
15546 4585
16648 4585
16648 3984
18760 3984
18760 3472
19529 3472
19529 3149
23039 3149
23039 2654
24426 2654
24426 2621
24871 2621
2635 2621
2635 24271
2643 24271
2643 22626
3101 22626
3101 22336
3258 22336
3258 21950
3898 21950
3898 20136
4509 20136
4509 19233
4625 19233
4625 18832
5208 18832
5208 17292
5421 17292
5421 16753
5565 16753
5565 15219
6784 15219
6784 14749
7164 14749
7164 14031
7244 14031
7244 13022
8144 13022
8144 11926
8407 11926
8407 11211
8888 11211
8888 10439
10034 10439
10034 10107
10200 10107
10200 9631
10365 9631
10365 8793
11254 8793
11254 8540
12321 8540
12321 8235
12691 8235
12691 6739
13445 6739
13445 6493
13751 6493
13751 6254
14088 6254
14088 5848
14613 5848
14613 4985
15758 4985
15758 4939
16407 4939
16407 4587
16835 4587
16835 4044
19062 4044
19062 3662
19778 3662
19778 3207
22731 3207
22731 3057
23727 3057
23727 2906
23836 2906
2692 2906
2692 23779
2804 23779
2804 23197
3121 23197
3121 22150
3993 22150
3993 21038
4319 21038
4319 20091
4648 20091
4648 19153
5276 19153
5276 18269
5612 18269
5612 15630
5975 15630
5975 14989
7282 14989
7282 13145
8231 13145
8231 12010
8944 12010
8944 11055
9947 11055
9947 10156
10362 10156
10362 9703
10496 9703
10496 9237
11775 9237
11775 8495
13052 8495
13052 7780
13250 7780
13250 6977
13755 6977
13755 6541
14068 6541
14068 6303
14421 6303
14421 5801
15792 5801
15792 5235
16040 5235
16040 4706
16855 4706
16855 4524
17749 4524
17749 4234
18992 4234
18992 3976
19963 3976
19963 3483
21080 3483
21080 3393
22133 3393
22133 3198
22812 3198
2756 3198
2756 24464
2829 24464
2829 23697
3062 23697
3062 23333
3221 23333
3221 23046
3721 23046
3721 22324
4084 22324
4084 21415
4202 21415
4202 21059
4342 21059
4342 19942
5244 19942
5244 19541
5365 19541
5365 15957
5801 15957
5801 15529
6336 15529
6336 15440
7179 15440
7179 15101
7365 15101
7365 14095
8126 14095
8126 12862
8746 12862
8746 12111
9139 12111
9139 11540
9858 11540
9858 10770
10186 10770
10186 10295
10505 10295
10505 9957
10765 9957
10765 9332
11557 9332
11557 9067
12175 9067
12175 8621
13153 8621
13153 7553
13828 7553
13828 6550
15028 6550
15028 6066
15913 6066
15913 5269
16795 5269
16795 4436
18222 4436
18222 4235
19588 4235
19588 4092
20051 4092
20051 3683
20636 3683
20636 3497
21149 3497
21149 3238
24200 3238
3112 3238
3112 24798
3136 24798
3136 24041
3251 24041
3251 23391
3959 23391
3959 22989
4118 22989
4118 21575
4364 21575
4364 20471
5006 20471
5006 20117
5290 20117
5290 19744
5711 19744
5711 16566
5755 16566
5755 16065
6408 16065
6408 15659
7461 15659
7461 14523
7843 14523
7843 13057
8538 13057
8538 12197
9203 12197
9203 11584
10217 11584
10217 10304
10719 10304
10719 10225
11177 10225
11177 10041
11383 10041
11383 9851
11748 9851
11748 9606
12075 9606
12075 9383
12141 9383
12141 9134
12447 9134
12447 8448
13505 8448
13505 7184
14184 7184
14184 6948
14969 6948
14969 6467
15508 6467
15508 6343
15624 6343
15624 5424
17713 5424
17713 5037
18135 5037
18135 4366
19084 4366
19084 4145
20555 4145
20555 3684
21427 3684
21427 3436
24864 3436
24864 3263
3188 3263
3188 24766
3376 24766
3376 23826
4222 23826
4222 21377
5019 21377
5019 20900
5236 20900
5236 19963
5775 19963
5775 16634
6249 16634
6249 16197
6700 16197
6700 15911
7086 15911
7086 15722
7586 15722
7586 14555
8084 14555
8084 13340
8813 13340
8813 13161
9075 13161
9075 12879
9119 12879
9119 12246
9569 12246
9569 11669
9817 11669
9817 10924
10356 10924
10356 10721
11337 10721
11337 10048
11923 10048
11923 9829
12710 9829
12710 8913
13323 8913
13323 8400
13598 8400
13598 7208
15281 7208
15281 6934
16090 6934
16090 5618
16584 5618
16584 5493
18098 5493
18098 4730
19116 4730
19116 4261
20621 4261
20621 3725
22015 3725
22015 3663
22332 3663
22332 3453
3195 3453
3195 24929
3276 24929
3276 24807
3878 24807
3878 23867
4304 23867
4304 21746
4659 21746
4659 20651
5785 20651
5785 16296
6908 16296
6908 15894
7777 15894
7777 14501
8496 14501
8496 13284
9182 13284
9182 12390
9741 12390
9741 11714
10497 11714
10497 10840
11426 10840
11426 9926
12847 9926
12847 9506
12917 9506
12917 9282
13117 9282
13117 8637
13644 8637
13644 7932
14150 7932
14150 7200
16408 7200
16408 6113
16564 6113
16564 5649
17165 5649
17165 5562
18422 5562
18422 4930
19331 4930
19331 4362
20958 4362
20958 3862
23004 3862
23004 3465
23559 3465
3851 3465
3851 24921
4021 24921
4021 23568
4505 23568
4505 22011
4747 22011
4747 21830
5536 21830
5536 20912
5700 20912
5700 16802
6566 16802
6566 16702
7026 16702
7026 16190
7791 16190
7791 15802
8245 15802
8245 15170
8732 15170
8732 13841
9178 13841
9178 12902
9331 12902
9331 12453
9841 12453
9841 11318
10813 11318
10813 10934
11569 10934
11569 10129
12643 10129
12643 9801
13187 9801
13187 9578
13297 9578
13297 9493
13464 9493
13464 8346
14101 8346
14101 7978
14454 7978
14454 7280
16279 7280
16279 6241
16667 6241
16667 5770
16792 5770
16792 5270
18752 5270
18752 5065
19138 5065
19138 4548
20477 4548
20477 4236
21410 4236
21410 3943
23660 3943
23660 3598
24032 3598
4233 3598
4233 24666
4359 24666
4359 22936
4761 22936
4761 22140
5592 22140
5592 21567
5830 21567
5830 20593
5903 20593
5903 16761
7623 16761
7623 16357
8157 16357
8157 15810
8889 15810
8889 14136
9282 14136
9282 13080
9625 13080
9625 12702
9985 12702
9985 12123
11074 12123
11074 11286
11714 11286
11714 10910
11884 10910
11884 10168
13334 10168
13334 8868
13859 8868
13859 8543
14164 8543
14164 8081
14656 8081
14656 6763
16657 6763
16657 6472
16881 6472
16881 6092
16989 6092
16989 5809
18297 5809
18297 5460
18836 5460
18836 5032
19691 5032
19691 4588
21221 4588
21221 4163
22341 4163
22341 3948
24083 3948
24083 3638
24382 3638
4328 3638
4328 24839
4515 24839
4515 24444
4787 24444
4787 23034
4984 23034
4984 22164
5640 22164
5640 21589
5922 21589
5922 17562
6773 17562
6773 16817
8132 16817
8132 16363
8649 16363
8649 16271
8925 16271
8925 14638
9087 14638
9087 13548
10104 13548
10104 12132
11122 12132
11122 11357
11871 11357
11871 10345
12936 10345
12936 9775
13757 9775
13757 8471
14665 8471
14665 7588
16754 7588
16754 6983
16978 6983
16978 6284
18008 6284
18008 5866
18920 5866
18920 5421
19403 5421
19403 5173
20866 5173
20866 4658
21794 4658
21794 4503
22366 4503
22366 4416
23593 4416
23593 3974
24484 3974
24484 3647
4708 3647
4708 24863
4819 24863
4819 22784
5508 22784
5508 20275
5964 20275
5964 18690
6163 18690
6163 17766
6340 17766
6340 17623
6893 17623
6893 17298
8203 17298
8203 16757
8480 16757
8480 16610
9093 16610
9093 14810
9446 14810
9446 13783
9902 13783
9902 13619
10131 13619
10131 12753
10865 12753
10865 12468
11423 12468
11423 11972
11833 11972
11833 10806
12349 10806
12349 10636
13272 10636
13272 10539
13559 10539
13559 10158
13913 10158
13913 9687
14177 9687
14177 9173
14456 9173
14456 8374
14965 8374
14965 7693
16895 7693
16895 7138
16927 7138
16927 6891
17538 6891
17538 6746
17846 6746
17846 6409
18141 6409
18141 5736
19654 5736
19654 5555
20331 5555
20331 4804
22339 4804
22339 4549
23616 4549
23616 4036
24721 4036
24721 3749
24823 3749
5010 3749
5010 24141
5160 24141
5160 23040
5679 23040
5679 22437
5968 22437
5968 20822
6207 20822
6207 19878
6341 19878
6341 18346
6571 18346
6571 17763
7253 17763
7253 17387
8389 17387
8389 16838
9015 16838
9015 16650
9424 16650
9424 15153
9476 15153
9476 14037
10146 14037
10146 12971
10390 12971
10390 12383
11495 12383
11495 12217
12052 12217
12052 11589
12527 11589
12527 10663
13764 10663
13764 10184
14089 10184
14089 9614
14392 9614
14392 8894
15037 8894
15037 8086
16049 8086
16049 7105
18040 7105
18040 6302
19656 6302
19656 5242
22088 5242
22088 4727
24269 4727
24269 4273
24870 4273
5018 4273
5018 24624
5167 24624
5167 23045
5834 23045
5834 21711
6171 21711
6171 21255
6371 21255
6371 20165
6423 20165
6423 18676
6671 18676
6671 18094
7218 18094
7218 17496
8427 17496
8427 17153
8602 17153
8602 15532
9526 15532
9526 14179
10295 14179
10295 12855
11787 12855
11787 12471
12125 12471
12125 12158
12274 12158
12274 11462
12624 11462
12624 10782
13294 10782
13294 10634
14094 10634
14094 10555
14131 10555
14131 10210
14215 10210
14215 9738
14515 9738
14515 9550
15323 9550
15323 7774
17090 7774
17090 7122
18164 7122
18164 6993
18287 6993
18287 6694
18662 6694
18662 6222
20021 6222
20021 5836
21232 5836
21232 5322
22241 5322
22241 4817
23600 4817
23600 4560
24630 4560
24630 4321
5020 4321
5020 24660
5277 24660
5277 23216
5936 23216
5936 22466
6191 22466
6191 20843
6522 20843
6522 18895
6987 18895
6987 18707
7298 18707
7298 17875
7808 17875
7808 17622
8058 17622
8058 17448
8542 17448
8542 17030
9653 17030
9653 15200
10309 15200
10309 13892
10369 13892
10369 13510
11335 13510
11335 13200
11729 13200
11729 12672
12211 12672
12211 11732
12585 11732
12585 11348
12903 11348
12903 10894
13312 10894
13312 10829
14183 10829
14183 10231
14947 10231
14947 9322
15539 9322
15539 8282
16494 8282
16494 7881
17513 7881
17513 7603
17912 7603
17912 7272
18512 7272
18512 6623
20099 6623
20099 5969
20771 5969
20771 5500
21964 5500
21964 4853
23009 4853
23009 4805
24733 4805
24733 4551
24895 4551
5133 4551
5133 24737
5286 24737
5286 24136
5603 24136
5603 23019
6278 23019
6278 21230
6536 21230
6536 19228
7061 19228
7061 19099
7266 19099
7266 18165
7524 18165
7524 17637
9499 17637
9499 17166
9894 17166
9894 15621
10148 15621
10148 14584
10386 14584
10386 13744
11669 13744
11669 13078
12378 13078
12378 11821
13041 11821
13041 10845
14185 10845
14185 10040
15541 10040
15541 8629
15942 8629
15942 8478
16135 8478
16135 8299
16734 8299
16734 8276
17797 8276
17797 8209
18250 8209
18250 7419
18616 7419
18616 7023
19121 7023
19121 6706
20746 6706
20746 6010
21277 6010
21277 5989
21517 5989
21517 5857
21928 5857
21928 5588
22450 5588
22450 4815
24965 4815
24965 4582
5317 4582
5317 24819
5685 24819
5685 24317
6115 24317
6115 23024
6528 23024
6528 20744
6747 20744
6747 19353
7384 19353
7384 18193
7673 18193
7673 17871
8988 17871
8988 17610
9789 17610
9789 16591
10023 16591
10023 15761
10442 15761
10442 14089
10935 14089
10935 13919
12011 13919
12011 13506
12433 13506
12433 12429
12567 12429
12567 12003
13231 12003
13231 10689
15358 10689
15358 10257
15945 10257
15945 8684
16789 8684
16789 8312
18618 8312
18618 7538
19090 7538
19090 7246
19900 7246
19900 6272
21167 6272
21167 6017
22115 6017
22115 5544
22804 5544
22804 5341
23442 5341
23442 5226
23880 5226
23880 5072
24525 5072
24525 4845
5888 4845
5888 24592
6190 24592
6190 23972
6428 23972
6428 23074
6617 23074
6617 21395
6721 21395
6721 20578
6855 20578
6855 20047
7456 20047
7456 18452
7835 18452
7835 18200
9058 18200
9058 17276
10094 17276
10094 16118
10229 16118
10229 15728
10666 15728
10666 14091
11439 14091
11439 14029
12368 14029
12368 13352
12660 13352
12660 12203
12721 12203
12721 11083
14559 11083
14559 10456
15742 10456
15742 9331
16409 9331
16409 8734
16917 8734
16917 8614
17154 8614
17154 8347
18747 8347
18747 8042
18863 8042
18863 7339
19523 7339
19523 7127
21097 7127
21097 6490
21445 6490
21445 5940
22867 5940
22867 5477
24055 5477
24055 5469
5999 5469
5999 24760
6368 24760
6368 24385
6612 24385
6612 23051
6881 23051
6881 20259
7572 20259
7572 18757
7619 18757
7619 18464
8252 18464
8252 18217
9297 18217
9297 17939
10347 17939
10347 17369
10517 17369
10517 16146
10710 16146
10710 14442
11661 14442
11661 13695
12823 13695
12823 12180
13374 12180
13374 11163
14472 11163
14472 11040
15094 11040
15094 10584
16261 10584
16261 9514
16766 9514
16766 8972
17015 8972
17015 8875
17114 8875
17114 8689
17775 8689
17775 8114
18986 8114
18986 7648
19483 7648
19483 7548
19659 7548
19659 7348
20679 7348
20679 7017
21624 7017
21624 6860
21774 6860
21774 5755
23059 5755
23059 5564
6055 5564
6055 24873
6458 24873
6458 23758
6926 23758
6926 23102
7027 23102
7027 20599
7666 20599
7666 18908
8136 18908
8136 18608
8739 18608
8739 18478
9829 18478
9829 18233
10648 18233
10648 16542
10899 16542
10899 14676
11802 14676
11802 13840
12650 13840
12650 12952
13071 12952
13071 12795
13218 12795
13218 12185
13771 12185
13771 11460
14114 11460
14114 11324
14880 11324
14880 10664
16302 10664
16302 10233
16857 10233
16857 9364
17430 9364
17430 8723
17724 8723
17724 8467
19160 8467
19160 7775
19927 7775
19927 7212
21738 7212
21738 6614
21954 6614
21954 6520
22967 6520
22967 5768
23981 5768
23981 5602
6533 5602
6533 24919
7028 24919
7028 21304
7327 21304
7327 20916
7639 20916
7639 20775
7754 20775
7754 19116
8009 19116
8009 18654
10692 18654
10692 17910
10789 17910
10789 15877
11109 15877
11109 14948
11584 14948
11584 14852
11827 14852
11827 14407
12559 14407
12559 14055
12775 14055
12775 13275
13076 13275
13076 12759
13481 12759
13481 12306
14050 12306
14050 11466
15326 11466
15326 10418
17169 10418
17169 9166
17860 9166
17860 8949
18399 8949
18399 8696
19239 8696
19239 8106
19310 8106
19310 8075
20412 8075
20412 7599
21838 7599
21838 6651
22972 6651
22972 6102
23859 6102
23859 5631
24481 5631
24481 5606
7066 5606
7066 24903
7160 24903
7160 24418
7234 24418
7234 22905
7343 22905
7343 21883
7716 21883
7716 19730
7882 19730
7882 18951
8737 18951
8737 18684
10932 18684
10932 16026
11386 16026
11386 15600
11558 15600
11558 15125
11878 15125
11878 14975
12490 14975
12490 14682
13032 14682
13032 13748
13554 13748
13554 12885
14211 12885
14211 12088
15235 12088
15235 11456
16737 11456
16737 10446
17281 10446
17281 9366
17682 9366
17682 9194
19358 9194
19358 8572
19700 8572
19700 8453
20629 8453
20629 8077
21160 8077
21160 7770
21458 7770
21458 7613
22004 7613
22004 7008
22791 7008
22791 6466
24230 6466
24230 6155
24785 6155
24785 5679
24925 5679
7240 5679
7240 23509
7257 23509
7257 22432
7581 22432
7581 19788
7903 19788
7903 19319
8573 19319
8573 18971
10634 18971
10634 18882
10934 18882
10934 16949
11016 16949
11016 15482
12265 15482
12265 15006
12674 15006
12674 14168
13569 14168
13569 13973
13822 13973
13822 13374
14400 13374
14400 12979
14992 12979
14992 11894
16026 11894
16026 11506
16850 11506
16850 11280
17001 11280
17001 11034
17069 11034
17069 9577
17803 9577
17803 9197
19972 9197
19972 8508
20900 8508
20900 8174
21310 8174
21310 7783
21853 7783
21853 7051
23020 7051
23020 6762
23900 6762
23900 6499
24932 6499
24932 6119
7262 6119
7262 24245
7359 24245
7359 23247
7625 23247
7625 22392
7975 22392
7975 19534
8822 19534
8822 19166
8964 19166
8964 18981
11070 18981
11070 17055
11280 17055
11280 16225
12027 16225
12027 15525
12312 15525
12312 14953
13433 14953
13433 14238
13823 14238
13823 13494
14514 13494
14514 13129
15016 13129
15016 11983
16150 11983
16150 11577
16364 11577
16364 11470
17136 11470
17136 9978
17669 9978
17669 9567
18355 9567
18355 9231
20125 9231
20125 8886
20494 8886
20494 8208
21843 8208
21843 7337
22511 7337
22511 6769
24452 6769
24452 6606
24906 6606
7450 6606
7450 23317
7636 23317
7636 22944
7984 22944
7984 20128
8301 20128
8301 19965
8680 19965
8680 19449
9550 19449
9550 19127
9969 19127
9969 18989
11176 18989
11176 16505
11384 16505
11384 16260
12358 16260
12358 15086
13673 15086
13673 14525
14097 14525
14097 13981
14460 13981
14460 13532
14986 13532
14986 12333
16348 12333
16348 11412
17163 11412
17163 10767
17710 10767
17710 9773
18258 9773
18258 9416
18997 9416
18997 9253
20259 9253
20259 8671
21135 8671
21135 8293
22518 8293
22518 7493
23493 7493
23493 7282
24665 7282
24665 6766
7557 6766
7557 24169
7597 24169
7597 21863
8120 21863
8120 20390
8242 20390
8242 19983
9265 19983
9265 19554
9984 19554
9984 19450
10260 19450
10260 19248
11342 19248
11342 16551
11635 16551
11635 16473
12563 16473
12563 15515
13199 15515
13199 15136
13940 15136
13940 14885
14323 14885
14323 14080
14841 14080
14841 13821
15114 13821
15114 13290
15166 13290
15166 12425
16017 12425
16017 12070
17085 12070
17085 11696
17197 11696
17197 10672
17919 10672
17919 9507
19947 9507
19947 9255
21041 9255
21041 8563
21848 8563
21848 8324
23322 8324
23322 7546
23843 7546
23843 7522
24225 7522
24225 7467
24591 7467
7702 7467
7702 24391
7705 24391
7705 24001
7977 24001
7977 22036
8127 22036
8127 20930
8553 20930
8553 20014
9389 20014
9389 19737
10663 19737
10663 19289
11343 19289
11343 18623
11502 18623
11502 16510
12631 16510
12631 16474
12726 16474
12726 15725
13809 15725
13809 15163
14378 15163
14378 14135
15199 14135
15199 13098
15250 13098
15250 12765
15728 12765
15728 12505
17260 12505
17260 11879
17525 11879
17525 11690
17726 11690
17726 10731
17931 10731
17931 9952
18769 9952
18769 9826
19159 9826
19159 9630
19827 9630
19827 9454
21404 9454
21404 8885
21788 8885
21788 8591
23378 8591
23378 7860
23572 7860
23572 7698
24018 7698
24018 7552
24106 7552
7711 7552
7711 24699
8015 24699
8015 22276
8160 22276
8160 21034
8594 21034
8594 20556
8817 20556
8817 20020
9678 20020
9678 19442
11374 19442
11374 18611
11590 18611
11590 17567
11633 17567
11633 16916
12798 16916
12798 16178
13414 16178
13414 15931
13623 15931
13623 15351
14505 15351
14505 14837
15105 14837
15105 13976
15380 13976
15380 12820
15506 12820
15506 12683
16646 12683
16646 12585
17576 12585
17576 11186
17901 11186
17901 10413
18470 10413
18470 9913
19639 9913
19639 9781
20700 9781
20700 9111
21877 9111
21877 8741
22734 8741
22734 8581
23707 8581
23707 8093
24277 8093
24277 7626
8107 7626
8107 23968
8229 23968
8229 23219
8435 23219
8435 21551
8719 21551
8719 21051
9057 21051
9057 19885
11560 19885
11560 18215
11872 18215
11872 16940
12913 16940
12913 16371
14191 16371
14191 15619
14771 15619
14771 14954
15343 14954
15343 13305
15709 13305
15709 12899
16660 12899
16660 12722
17628 12722
17628 11132
18219 11132
18219 10268
18648 10268
18648 10004
19675 10004
19675 9909
20725 9909
20725 9601
21234 9601
21234 9305
22524 9305
22524 8682
23715 8682
23715 8269
24041 8269
24041 7980
24520 7980
24520 7665
24884 7665
8190 7665
8190 24541
8269 24541
8269 23773
8590 23773
8590 22226
9082 22226
9082 19904
11631 19904
11631 18361
11906 18361
11906 16995
13318 16995
13318 16616
13715 16616
13715 16373
14478 16373
14478 15637
14925 15637
14925 14956
15701 14956
15701 13474
15830 13474
15830 12895
17338 12895
17338 12204
18144 12204
18144 10897
18418 10897
18418 10740
19013 10740
19013 10000
19804 10000
19804 9908
21450 9908
21450 9643
22183 9643
22183 8965
23263 8965
23263 8804
24007 8804
24007 8146
24395 8146
8339 8146
8339 24957
8377 24957
8377 24004
8678 24004
8678 23081
8731 23081
8731 21529
9358 21529
9358 20295
10418 20295
10418 20201
11195 20201
11195 18727
11912 18727
11912 17165
13301 17165
13301 16813
14389 16813
14389 16649
14806 16649
14806 15649
15414 15649
15414 13380
17208 13380
17208 12833
17795 12833
17795 12507
17976 12507
17976 12151
18388 12151
18388 12028
18598 12028
18598 10864
18957 10864
18957 10318
20222 10318
20222 10110
22556 10110
22556 9990
22886 9990
22886 9251
23273 9251
23273 9108
23938 9108
23938 8688
24122 8688
24122 8236
24910 8236
24910 8195
8697 8195
8697 23559
8947 23559
8947 21879
9654 21879
9654 20441
11225 20441
11225 20257
11387 20257
11387 19675
11992 19675
11992 17983
12229 17983
12229 17363
13625 17363
13625 17125
14167 17125
14167 16769
14914 16769
14914 15799
16019 15799
16019 13756
16076 13756
16076 13504
17123 13504
17123 13142
17871 13142
17871 12350
18413 12350
18413 12034
18608 12034
18608 11058
19378 11058
19378 10403
21262 10403
21262 10364
21534 10364
21534 10125
22978 10125
22978 9359
23404 9359
23404 9218
24110 9218
24110 9034
24709 9034
24709 8724
24722 8724
8703 8724
8703 24352
9048 24352
9048 23261
9397 23261
9397 21702
9815 21702
9815 21224
10058 21224
10058 21005
10242 21005
10242 20623
11593 20623
11593 20294
11876 20294
11876 18592
12280 18592
12280 17446
13047 17446
13047 17065
15049 17065
15049 16414
15578 16414
15578 15936
16151 15936
16151 14001
16264 14001
16264 13799
17882 13799
17882 11328
18831 11328
18831 11074
19619 11074
19619 10461
20446 10461
20446 10154
23171 10154
23171 9530
23697 9530
23697 9236
23916 9236
8834 9236
8834 24883
8847 24883
8847 24371
9153 24371
9153 23085
9728 23085
9728 22181
9813 22181
9813 21367
9960 21367
9960 20688
11951 20688
11951 18740
12449 18740
12449 17633
14139 17633
14139 17465
14769 17465
14769 17045
15517 17045
15517 16385
16347 16385
16347 14981
16823 14981
16823 14644
16970 14644
16970 13923
17484 13923
17484 13448
17974 13448
17974 13012
18762 13012
18762 11281
19839 11281
19839 10850
20307 10850
20307 10593
22795 10593
22795 10055
23882 10055
23882 9471
9008 9471
9008 24874
9430 24874
9430 24223
9761 24223
9761 22657
9927 22657
9927 21916
10908 21916
10908 21153
11482 21153
11482 20835
12019 20835
12019 20630
12417 20630
12417 18612
12736 18612
12736 18249
12805 18249
12805 17668
15273 17668
15273 17256
15901 17256
15901 16508
16057 16508
16057 15891
16682 15891
16682 14942
17058 14942
17058 14360
17776 14360
17776 13951
18254 13951
18254 13535
18732 13535
18732 12069
19061 12069
19061 11604
19460 11604
19460 11053
20007 11053
20007 10835
20764 10835
20764 10514
23628 10514
23628 9845
23983 9845
23983 9737
24227 9737
24227 9525
9098 9525
9098 24989
9168 24989
9168 24421
9785 24421
9785 23632
10174 23632
10174 23277
10323 23277
10323 22617
10750 22617
10750 21376
11545 21376
11545 19208
12696 19208
12696 19002
13015 19002
13015 17808
13261 17808
13261 17672
15732 17672
15732 17304
16242 17304
16242 16669
16751 16669
16751 15088
17195 15088
17195 14741
17858 14741
17858 14046
19092 14046
19092 11359
20062 11359
20062 10777
23605 10777
23605 10410
23895 10410
23895 9852
24381 9852
24381 9542
24438 9542
9595 9542
9595 24430
10151 24430
10151 23566
10334 23566
10334 22645
10972 22645
10972 21855
11520 21855
11520 21246
12727 21246
12727 18412
13211 18412
13211 17695
14014 17695
14014 17415
16216 17415
16216 17202
16591 17202
16591 16365
16791 16365
16791 15695
17061 15695
17061 14821
18085 14821
18085 14244
18592 14244
18592 13425
19131 13425
19131 12449
19375 12449
19375 11864
19959 11864
19959 11064
20769 11064
20769 10819
22592 10819
22592 10775
23994 10775
23994 9685
24441 9685
9880 9685
9880 24686
9913 24686
9913 23275
10869 23275
10869 22211
11424 22211
11424 21913
11575 21913
11575 21641
12496 21641
12496 19685
13246 19685
13246 18264
13447 18264
13447 17973
13515 17973
13515 17684
16506 17684
16506 17494
16712 17494
16712 16108
16922 16108
16922 15771
17448 15771
17448 14926
18234 14926
18234 14241
19263 14241
19263 12523
19760 12523
19760 12398
20013 12398
20013 12272
20213 12272
20213 11751
20507 11751
20507 11302
21020 11302
21020 11128
21356 11128
21356 10815
24317 10815
24317 10658
24670 10658
24670 9958
24790 9958
24790 9886
9926 9886
9926 24754
10435 24754
10435 24054
10816 24054
10816 23315
11044 23315
11044 22735
11179 22735
11179 22082
11710 22082
11710 21840
12036 21840
12036 21503
12846 21503
12846 19786
13123 19786
13123 18975
13451 18975
13451 18494
14254 18494
14254 17820
14834 17820
14834 17696
16776 17696
16776 15986
17501 15986
17501 15556
18100 15556
18100 14785
18367 14785
18367 14756
19105 14756
19105 13681
19329 13681
19329 12929
19598 12929
19598 11991
20456 11991
20456 11441
21206 11441
21206 11298
21380 11298
21380 11017
22971 11017
22971 10846
23213 10846
23213 10742
24784 10742
24784 10050
24991 10050
9939 10050
9939 24972
10046 24972
10046 24936
10764 24936
10764 23357
11049 23357
11049 22687
11567 22687
11567 22221
12107 22221
12107 20917
12944 20917
12944 20384
13296 20384
13296 19490
13922 19490
13922 18700
14735 18700
14735 17776
16154 17776
16154 17331
17021 17331
17021 16124
17691 16124
17691 15148
19335 15148
19335 13540
19805 13540
19805 12933
20473 12933
20473 12426
20607 12426
20607 11447
21344 11447
21344 11295
23100 11295
23100 10962
24374 10962
24374 10211
24860 10211
10892 10211
10892 24623
10944 24623
10944 23948
11410 23948
11410 23059
11877 23059
11877 22271
12960 22271
12960 19610
14031 19610
14031 19183
14302 19183
14302 19076
14787 19076
14787 18158
16256 18158
16256 17837
16876 17837
16876 17067
17140 17067
17140 16031
18231 16031
18231 15015
19470 15015
19470 13703
19870 13703
19870 13152
20322 13152
20322 12884
20744 12884
20744 11698
22336 11698
22336 11311
24451 11311
24451 11133
24917 11133
24917 10499
11142 10499
11142 24113
11544 24113
11544 23460
11893 23460
11893 22793
12556 22793
12556 22126
13185 22126
13185 20475
13831 20475
13831 19236
15251 19236
15251 18937
15491 18937
15491 18276
16363 18276
16363 17855
17176 17855
17176 16264
18356 16264
18356 15300
19522 15300
19522 13932
20599 13932
20599 12643
21014 12643
21014 12166
21906 12166
21906 11846
22025 11846
22025 11350
24470 11350
24470 11314
11278 11314
11278 24603
11394 24603
11394 23966
11732 23966
11732 22812
13180 22812
13180 22030
13420 22030
13420 20507
13977 20507
13977 19666
14560 19666
14560 19262
15699 19262
15699 18606
16193 18606
16193 18532
16595 18532
16595 18023
17080 18023
17080 16324
18678 16324
18678 15740
19528 15740
19528 14464
20212 14464
20212 13312
20957 13312
20957 13050
21075 13050
21075 12526
21934 12526
21934 11808
22460 11808
22460 11557
24444 11557
24444 11434
11705 11434
11705 24503
12038 24503
12038 23214
12353 23214
12353 22920
13422 22920
13422 20766
14103 20766
14103 19944
14677 19944
14677 18818
16202 18818
16202 17473
17569 17473
17569 16487
18557 16487
18557 16073
19729 16073
19729 14183
20987 14183
20987 13170
21150 13170
21150 12630
21353 12630
21353 12587
22599 12587
22599 11880
24026 11880
24026 11849
24632 11849
24632 11550
12128 11550
12128 24670
12281 24670
12281 23832
12732 23832
12732 23173
13431 23173
13431 20874
13949 20874
13949 20266
14497 20266
14497 19932
14894 19932
14894 19722
15603 19722
15603 19623
16159 19623
16159 18877
16505 18877
16505 18576
17769 18576
17769 16630
19706 16630
19706 16214
19898 16214
19898 14607
20786 14607
20786 14558
21110 14558
21110 12960
21387 12960
21387 12677
22980 12677
22980 12119
23092 12119
23092 11691
24831 11691
12252 11691
12252 24808
12262 24808
12262 24185
13190 24185
13190 23513
13466 23513
13466 22577
13658 22577
13658 20935
14411 20935
14411 20516
14668 20516
14668 20021
15256 20021
15256 19611
16249 19611
16249 18953
16942 18953
16942 18442
18302 18442
18302 17066
18825 17066
18825 16909
19508 16909
19508 16864
19911 16864
19911 15591
20103 15591
20103 14973
20486 14973
20486 14908
21161 14908
21161 13137
21511 13137
21511 12739
23082 12739
23082 12283
23767 12283
23767 12057
24832 12057
24832 11839
12326 11839
12326 24826
12731 24826
12731 24564
13476 24564
13476 21240
14764 21240
14764 20192
15276 20192
15276 19848
16295 19848
16295 18781
17982 18781
17982 18737
18363 18737
18363 17554
18532 17554
18532 17128
18607 17128
18607 17091
19922 17091
19922 16375
20086 16375
20086 15698
20453 15698
20453 15231
20538 15231
20538 14835
21405 14835
21405 13313
21693 13313
21693 12749
24040 12749
24040 12063
24686 12063
12743 12063
12743 24809
13150 24809
13150 24505
13636 24505
13636 22526
13769 22526
13769 21461
14858 21461
14858 20307
15931 20307
15931 19905
17193 19905
17193 19265
18026 19265
18026 18807
18376 18807
18376 17642
18596 17642
18596 17149
19514 17149
19514 16708
20411 16708
20411 15082
21287 15082
21287 14499
21837 14499
21837 12807
24254 12807
24254 12539
13162 12539
13162 24662
13740 24662
13740 23607
13808 23607
13808 21947
14226 21947
14226 21473
15053 21473
15053 21203
15684 21203
15684 20457
16063 20457
16063 20048
16398 20048
16398 19894
17433 19894
17433 19484
17581 19484
17581 19223
18624 19223
18624 18841
18680 18841
18680 18208
19001 18208
19001 17354
20046 17354
20046 16933
20531 16933
20531 15414
20640 15414
20640 15100
21912 15100
21912 14473
22086 14473
22086 13927
22306 13927
22306 12966
22848 12966
22848 12609
24644 12609
13613 12609
13613 24683
13814 24683
13814 22801
14008 22801
14008 22238
14618 22238
14618 22067
15048 22067
15048 21386
15287 21386
15287 21271
15869 21271
15869 20595
16296 20595
16296 19601
17685 19601
17685 19264
18682 19264
18682 18499
19093 18499
19093 17985
19826 17985
19826 16970
20467 16970
20467 16954
20790 16954
20790 15247
21481 15247
21481 15150
22113 15150
22113 14762
22436 14762
22436 13136
22965 13136
22965 12856
23635 12856
13865 12856
13865 24796
13868 24796
13868 23931
13892 23931
13892 22716
14609 22716
14609 22296
14900 22296
14900 21505
15337 21505
15337 21042
15963 21042
15963 20381
17500 20381
17500 19415
19078 19415
19078 18896
19129 18896
19129 18044
19907 18044
19907 17438
20691 17438
20691 17028
20915 17028
20915 15539
21538 15539
21538 15285
22128 15285
22128 14666
22506 14666
22506 13539
23086 13539
23086 12957
13986 12957
13986 23781
14249 23781
14249 22958
14759 22958
14759 22241
15446 22241
15446 21524
16388 21524
16388 20893
16956 20893
16956 20529
17909 20529
17909 19400
19300 19400
19300 18443
19480 18443
19480 18128
20367 18128
20367 17478
20984 17478
20984 16123
21584 16123
21584 15198
22666 15198
22666 13663
23216 13663
23216 13300
23718 13300
23718 13058
14250 13058
14250 24818
14340 24818
14340 24039
14516 24039
14516 23395
14904 23395
14904 22875
15303 22875
15303 22652
15696 22652
15696 21435
17076 21435
17076 20644
18301 20644
18301 19540
19481 19540
19481 18303
20151 18303
20151 17886
20848 17886
20848 16471
21212 16471
21212 16300
21909 16300
21909 15485
22827 15485
22827 14445
23139 14445
23139 13770
23824 13770
23824 13215
24660 13215
14510 13215
14510 24517
14676 24517
14676 23189
15141 23189
15141 22656
15749 22656
15749 21700
16797 21700
16797 21609
17914 21609
17914 21213
18229 21213
18229 20792
18391 20792
18391 19979
18597 19979
18597 19793
18953 19793
18953 18463
20431 18463
20431 18048
20580 18048
20580 17865
20968 17865
20968 17468
21066 17468
21066 17049
21351 17049
21351 16525
22041 16525
22041 15824
22831 15824
22831 14770
23222 14770
23222 13427
23878 13427
14570 13427
14570 24886
14693 24886
14693 23720
15364 23720
15364 23665
15659 23665
15659 22477
16096 22477
16096 22423
16947 22423
16947 21661
17924 21661
17924 21243
18473 21243
18473 20069
18964 20069
18964 19893
19564 19893
19564 18597
21021 18597
21021 17702
21411 17702
21411 17541
21744 17541
21744 16900
22184 16900
22184 15588
23357 15588
23357 13946
24129 13946
24129 13698
24173 13698
24173 13639
14818 13639
14818 24238
14881 24238
14881 23808
16357 23808
16357 22430
17661 22430
17661 21763
18359 21763
18359 21430
18533 21430
18533 20830
19337 20830
19337 19291
20628 19291
20628 18985
20844 18985
20844 18104
21384 18104
21384 16997
22261 16997
22261 15815
23702 15815
23702 14808
23792 14808
23792 13769
24187 13769
15117 13769
15117 24588
15246 24588
15246 24224
15955 24224
15955 23917
16389 23917
16389 22544
17157 22544
17157 21653
18497 21653
18497 21193
18857 21193
18857 20961
19915 20961
19915 20371
20032 20371
20032 19448
20341 19448
20341 19391
21109 19391
21109 17680
22131 17680
22131 17029
22464 17029
22464 16334
22716 16334
22716 15818
23896 15818
23896 14761
24234 14761
24234 13984
15312 13984
15312 24899
15558 24899
15558 24424
16402 24424
16402 22825
16678 22825
16678 22557
18024 22557
18024 22400
18567 22400
18567 21726
18776 21726
18776 21169
19018 21169
19018 21073
20036 21073
20036 20379
20244 20379
20244 19050
21323 19050
21323 18935
21581 18935
21581 18730
22051 18730
22051 18132
22540 18132
22540 17233
22875 17233
22875 16756
23794 16756
23794 15679
24229 15679
24229 14294
24334 14294
15680 14294
15680 24736
16536 24736
16536 24229
16579 24229
16579 23096
16821 23096
16821 22811
17935 22811
17935 22587
18900 22587
18900 21451
19261 21451
19261 20448
20733 20448
20733 19757
21444 19757
21444 18248
22677 18248
22677 17861
23019 17861
23019 16948
23881 16948
23881 16612
24356 16612
24356 14701
24416 14701
24416 14513
16014 14513
16014 24804
16592 24804
16592 24225
16664 24225
16664 22955
18018 22955
18018 22751
19109 22751
19109 21460
20127 21460
20127 20191
21460 20191
21460 19520
22199 19520
22199 19275
22536 19275
22536 18387
23026 18387
23026 17034
24211 17034
24211 16568
24514 16568
24514 14961
24741 14961
24741 14606
24792 14606
16693 14606
16693 23850
16909 23850
16909 23002
18133 23002
18133 22847
19136 22847
19136 21525
20266 21525
20266 20460
21608 20460
21608 19564
22478 19564
22478 18991
22568 18991
22568 18421
23113 18421
23113 18049
23355 18049
23355 16952
24604 16952
24604 15046
24840 15046
16933 15046
16933 24237
17044 24237
17044 23376
17483 23376
17483 22302
19401 22302
19401 21765
20068 21765
20068 21020
20816 21020
20816 20474
21751 20474
21751 20084
22459 20084
22459 18548
23144 18548
23144 18317
23446 18317
23446 17621
24649 17621
24649 17040
24807 17040
24807 15452
24945 15452
16972 15452
16972 24383
17161 24383
17161 23991
17209 23991
17209 23585
18105 23585
18105 23182
19674 23182
19674 22313
19718 22313
19718 21635
20493 21635
20493 21339
20997 21339
20997 20696
21355 20696
21355 20585
22024 20585
22024 20207
22561 20207
22561 19035
23399 19035
23399 18306
23847 18306
23847 17734
24050 17734
17049 17734
17049 24616
17231 24616
17231 23816
18186 23816
18186 23498
18668 23498
18668 23022
20006 23022
20006 22283
20198 22283
20198 21772
21290 21772
21290 21610
21307 21610
21307 20840
21615 20840
21615 20284
22760 20284
22760 18875
23556 18875
23556 18482
23974 18482
23974 18033
24169 18033
24169 17750
24485 17750
17070 17750
17070 24682
17101 24682
17101 24650
17716 24650
17716 23884
18248 23884
18248 23642
19030 23642
19030 23446
20065 23446
20065 22230
20600 22230
20600 22058
20929 22058
20929 21906
21442 21906
21442 20646
22667 20646
22667 20005
23060 20005
23060 19714
23709 19714
23709 18853
24541 18853
24541 18166
17723 18166
17723 24209
18167 24209
18167 23854
19113 23854
19113 22978
20433 22978
20433 22676
20951 22676
20951 22208
21237 22208
21237 21526
21747 21526
21747 21416
22365 21416
22365 20701
23141 20701
23141 19921
23710 19921
23710 19496
23903 19496
23903 18912
24682 18912
24682 18394
17889 18394
17889 24522
18300 24522
18300 24013
19392 24013
19392 23672
20237 23672
20237 22823
20999 22823
20999 22163
21667 22163
21667 21821
21827 21821
21827 21450
22427 21450
22427 20989
23406 20989
23406 20802
23497 20802
23497 20103
24096 20103
24096 18903
24963 18903
17997 18903
17997 24544
18628 24544
18628 24042
19996 24042
19996 23484
20514 23484
20514 22523
21668 22523
21668 22175
21971 22175
21971 21893
22085 21893
22085 21517
22586 21517
22586 21309
23562 21309
23562 21174
23892 21174
23892 20506
24175 20506
24175 19889
24701 19889
24701 19119
24980 19119
18153 19119
18153 24722
18551 24722
18551 24441
18779 24441
18779 24090
20295 24090
20295 23263
21089 23263
21089 23136
21554 23136
21554 22066
22290 22066
22290 21857
23017 21857
23017 21322
23873 21322
23873 20881
24157 20881
24157 20085
24928 20085
24928 19710
18406 19710
18406 24780
18688 24780
18688 24300
19768 24300
19768 24066
20830 24066
20830 23819
21547 23819
21547 23179
22266 23179
22266 22380
22761 22380
22761 22087
23162 22087
23162 21616
23667 21616
23667 21104
24410 21104
24410 20160
19053 20160
19053 24478
19929 24478
19929 24129
21780 24129
21780 23743
22307 23743
22307 22543
22865 22543
22865 21887
23717 21887
23717 20628
24773 20628
24773 20236
19637 20236
19637 24896
19677 24896
19677 24509
20106 24509
20106 24174
22455 24174
22455 22819
22685 22819
22685 22364
23814 22364
23814 21845
24494 21845
24494 20682
24970 20682
24970 20313
19825 20313
19825 24840
19960 24840
19960 24713
20120 24713
20120 24368
22473 24368
22473 23250
23176 23250
23176 22618
23653 22618
23653 22530
24141 22530
24141 21944
24535 21944
24535 21394
20291 21394
20291 24572
20420 24572
20420 24437
22434 24437
22434 23382
23211 23382
23211 23134
23998 23134
23998 22098
24743 22098
24743 21497
24809 21497
20662 21497
20662 24706
21759 24706
21759 24158
22660 24158
22660 23549
23219 23549
23219 23206
23851 23206
23851 23058
24467 23058
24467 22883
24658 22883
24658 21514
24994 21514
20863 21514
20863 24771
21901 24771
21901 24369
23227 24369
23227 23804
23377 23804
23377 23346
24587 23346
24587 22725
24781 22725
24781 22504
21342 22504
21342 24970
21425 24970
21425 24747
22214 24747
22214 24590
23214 24590
23214 23995
23822 23995
23822 23465
24342 23465
24342 23350
24821 23350
24821 22776
22462 22776
22462 24774
23691 24774
23691 24051
24404 24051
24404 23639
24962 23639
24962 23175
22515 23175
22515 24841
23055 24841
23055 24768
24412 24768
24412 23908
24787 23908
22930 23908
22930 24940
23402 24940
23402 24501
24915 24501
24915 24293
24428 24293
24428 24962
24700 24962
24700 24750
24833 24750
24833 24790
24971 24790
24971 24805
