1200
12 0
12 1000000000
16 1000000000
16 0
22 0
22 1000000000
23 1000000000
23 0
61 0
61 1000000000
63 1000000000
63 0
79 0
79 1000000000
128 1000000000
128 0
132 0
132 1000000000
137 1000000000
137 0
153 0
153 1000000000
178 1000000000
178 0
190 0
190 1000000000
194 1000000000
194 0
241 0
241 1000000000
313 1000000000
313 0
316 0
316 1000000000
344 1000000000
344 0
350 0
350 1000000000
351 1000000000
351 0
363 0
363 1000000000
369 1000000000
369 0
375 0
375 1000000000
379 1000000000
379 0
394 0
394 1000000000
406 1000000000
406 0
407 0
407 1000000000
420 1000000000
420 0
423 0
423 1000000000
447 1000000000
447 0
448 0
448 1000000000
483 1000000000
483 0
489 0
489 1000000000
518 1000000000
518 0
548 0
548 1000000000
549 1000000000
549 0
551 0
551 1000000000
563 1000000000
563 0
570 0
570 1000000000
572 1000000000
572 0
587 0
587 1000000000
591 1000000000
591 0
595 0
595 1000000000
606 1000000000
606 0
647 0
647 1000000000
649 1000000000
649 0
650 0
650 1000000000
656 1000000000
656 0
697 0
697 1000000000
699 1000000000
699 0
764 0
764 1000000000
774 1000000000
774 0
798 0
798 1000000000
799 1000000000
799 0
830 0
830 1000000000
831 1000000000
831 0
842 0
842 1000000000
844 1000000000
844 0
883 0
883 1000000000
886 1000000000
886 0
909 0
909 1000000000
915 1000000000
915 0
918 0
918 1000000000
962 1000000000
962 0
1031 0
1031 1000000000
1037 1000000000
1037 0
1070 0
1070 1000000000
1073 1000000000
1073 0
1090 0
1090 1000000000
1116 1000000000
1116 0
1118 0
1118 1000000000
1122 1000000000
1122 0
1135 0
1135 1000000000
1139 1000000000
1139 0
1145 0
1145 1000000000
1160 1000000000
1160 0
1169 0
1169 1000000000
1173 1000000000
1173 0
1175 0
1175 1000000000
1201 1000000000
1201 0
1208 0
1208 1000000000
1221 1000000000
1221 0
1226 0
1226 1000000000
1257 1000000000
1257 0
1258 0
1258 1000000000
1274 1000000000
1274 0
1276 0
1276 1000000000
1289 1000000000
1289 0
1296 0
1296 1000000000
1308 1000000000
1308 0
1344 0
1344 1000000000
1349 1000000000
1349 0
1412 0
1412 1000000000
1415 1000000000
1415 0
1452 0
1452 1000000000
1455 1000000000
1455 0
1475 0
1475 1000000000
1476 1000000000
1476 0
1488 0
1488 1000000000
1501 1000000000
1501 0
1523 0
1523 1000000000
1538 1000000000
1538 0
1539 0
1539 1000000000
1558 1000000000
1558 0
1559 0
1559 1000000000
1577 1000000000
1577 0
1579 0
1579 1000000000
1624 1000000000
1624 0
1629 0
1629 1000000000
1647 1000000000
1647 0
1649 0
1649 1000000000
1666 1000000000
1666 0
1691 0
1691 1000000000
1694 1000000000
1694 0
1775 0
1775 1000000000
1780 1000000000
1780 0
1804 0
1804 1000000000
1809 1000000000
1809 0
1811 0
1811 1000000000
1814 1000000000
1814 0
1878 0
1878 1000000000
1890 1000000000
1890 0
1892 0
1892 1000000000
1903 1000000000
1903 0
1904 0
1904 1000000000
1972 1000000000
1972 0
1975 0
1975 1000000000
1993 1000000000
1993 0
1997 0
1997 1000000000
2049 1000000000
2049 0
2064 0
2064 1000000000
2085 1000000000
2085 0
2097 0
2097 1000000000
2098 1000000000
2098 0
2139 0
2139 1000000000
2148 1000000000
2148 0
2177 0
2177 1000000000
2189 1000000000
2189 0
2191 0
2191 1000000000
2199 1000000000
2199 0
2242 0
2242 1000000000
2244 1000000000
2244 0
2256 0
2256 1000000000
2259 1000000000
2259 0
2262 0
2262 1000000000
2272 1000000000
2272 0
2337 0
2337 1000000000
2340 1000000000
2340 0
2349 0
2349 1000000000
2360 1000000000
2360 0
2371 0
2371 1000000000
2396 1000000000
2396 0
2399 0
2399 1000000000
2452 1000000000
2452 0
2517 0
2517 1000000000
2550 1000000000
2550 0
2582 0
2582 1000000000
2586 1000000000
2586 0
2595 0
2595 1000000000
2602 1000000000
2602 0
2607 0
2607 1000000000
2631 1000000000
2631 0
2673 0
2673 1000000000
2676 1000000000
2676 0
2684 0
2684 1000000000
2710 1000000000
2710 0
2758 0
2758 1000000000
2780 1000000000
2780 0
2784 0
2784 1000000000
2791 1000000000
2791 0
2793 0
2793 1000000000
2817 1000000000
2817 0
2823 0
2823 1000000000
2832 1000000000
2832 0
2843 0
2843 1000000000
2885 1000000000
2885 0
2886 0
2886 1000000000
2934 1000000000
2934 0
2959 0
2959 1000000000
2967 1000000000
2967 0
2968 0
2968 1000000000
2990 1000000000
2990 0
2997 0
2997 1000000000
3008 1000000000
3008 0
3014 0
3014 1000000000
3040 1000000000
3040 0
3162 0
3162 1000000000
3172 1000000000
3172 0
3173 0
3173 1000000000
3211 1000000000
3211 0
3216 0
3216 1000000000
3221 1000000000
3221 0
3223 0
3223 1000000000
3282 1000000000
3282 0
3317 0
3317 1000000000
3352 1000000000
3352 0
3357 0
3357 1000000000
3386 1000000000
3386 0
3388 0
3388 1000000000
3459 1000000000
3459 0
3483 0
3483 1000000000
3487 1000000000
3487 0
3515 0
3515 1000000000
3517 1000000000
3517 0
3528 0
3528 1000000000
3571 1000000000
3571 0
3573 0
3573 1000000000
3587 1000000000
3587 0
3588 0
3588 1000000000
3606 1000000000
3606 0
3620 0
3620 1000000000
3640 1000000000
3640 0
3659 0
3659 1000000000
3699 1000000000
3699 0
3736 0
3736 1000000000
3743 1000000000
3743 0
3744 0
3744 1000000000
3754 1000000000
3754 0
3758 0
3758 1000000000
3768 1000000000
3768 0
3770 0
3770 1000000000
3775 1000000000
3775 0
3811 0
3811 1000000000
3812 1000000000
3812 0
3843 0
3843 1000000000
3867 1000000000
3867 0
3882 0
3882 1000000000
3916 1000000000
3916 0
3919 0
3919 1000000000
3922 1000000000
3922 0
3923 0
3923 1000000000
3948 1000000000
3948 0
3950 0
3950 1000000000
3985 1000000000
3985 0
4007 0
4007 1000000000
4030 1000000000
4030 0
4050 0
4050 1000000000
4063 1000000000
4063 0
4120 0
4120 1000000000
4126 1000000000
4126 0
4133 0
4133 1000000000
4146 1000000000
4146 0
4150 0
4150 1000000000
4157 1000000000
4157 0
4181 0
4181 1000000000
4194 1000000000
4194 0
4271 0
4271 1000000000
4276 1000000000
4276 0
4287 0
4287 1000000000
4294 1000000000
4294 0
4324 0
4324 1000000000
4330 1000000000
4330 0
4331 0
4331 1000000000
4383 1000000000
4383 0
4385 0
4385 1000000000
4411 1000000000
4411 0
4414 0
4414 1000000000
4420 1000000000
4420 0
4423 0
4423 1000000000
4433 1000000000
4433 0
4437 0
4437 1000000000
4482 1000000000
4482 0
4486 0
4486 1000000000
4508 1000000000
4508 0
4552 0
4552 1000000000
4569 1000000000
4569 0
4580 0
4580 1000000000
4588 1000000000
4588 0
4598 0
4598 1000000000
4600 1000000000
4600 0
4626 0
4626 1000000000
4634 1000000000
4634 0
4658 0
4658 1000000000
4659 1000000000
4659 0
4669 0
4669 1000000000
4688 1000000000
4688 0
4850 0
4850 1000000000
4857 1000000000
4857 0
4884 0
4884 1000000000
4887 1000000000
4887 0
4900 0
4900 1000000000
4997 1000000000
4997 0
4998 0
4998 1000000000
5014 1000000000
5014 0
5037 0
5037 1000000000
5041 1000000000
5041 0
5044 0
5044 1000000000
5103 1000000000
5103 0
5104 0
5104 1000000000
5128 1000000000
5128 0
5145 0
5145 1000000000
5163 1000000000
5163 0
5169 0
5169 1000000000
5214 1000000000
5214 0
5221 0
5221 1000000000
5222 1000000000
5222 0
5248 0
5248 1000000000
5272 1000000000
5272 0
5277 0
5277 1000000000
5289 1000000000
5289 0
5302 0
5302 1000000000
5309 1000000000
5309 0
5311 0
5311 1000000000
5320 1000000000
5320 0
5323 0
5323 1000000000
5346 1000000000
5346 0
5347 0
5347 1000000000
5351 1000000000
5351 0
5385 0
5385 1000000000
5430 1000000000
5430 0
5431 0
5431 1000000000
5461 1000000000
5461 0
5468 0
5468 1000000000
5522 1000000000
5522 0
5541 0
5541 1000000000
5543 1000000000
5543 0
5560 0
5560 1000000000
5603 1000000000
5603 0
5614 0
5614 1000000000
5617 1000000000
5617 0
5620 0
5620 1000000000
5627 1000000000
5627 0
5631 0
5631 1000000000
5640 1000000000
5640 0
5643 0
5643 1000000000
5710 1000000000
5710 0
5719 0
5719 1000000000
5741 1000000000
5741 0
5745 0
5745 1000000000
5771 1000000000
5771 0
5777 0
5777 1000000000
5786 1000000000
5786 0
5795 0
5795 1000000000
5797 1000000000
5797 0
5818 0
5818 1000000000
5819 1000000000
5819 0
5827 0
5827 1000000000
5829 1000000000
5829 0
5834 0
5834 1000000000
5870 1000000000
5870 0
5908 0
5908 1000000000
5929 1000000000
5929 0
5934 0
5934 1000000000
5945 1000000000
5945 0
5962 0
5962 1000000000
5963 1000000000
5963 0
5992 0
5992 1000000000
5993 1000000000
5993 0
6011 0
6011 1000000000
6012 1000000000
6012 0
6039 0
6039 1000000000
6045 1000000000
6045 0
6049 0
6049 1000000000
6063 1000000000
6063 0
6065 0
6065 1000000000
6109 1000000000
6109 0
6125 0
6125 1000000000
6129 1000000000
6129 0
6152 0
6152 1000000000
6157 1000000000
6157 0
6193 0
6193 1000000000
6202 1000000000
6202 0
6208 0
6208 1000000000
6224 1000000000
6224 0
6229 0
6229 1000000000
6243 1000000000
6243 0
6245 0
6245 1000000000
6252 1000000000
6252 0
6256 0
6256 1000000000
6282 1000000000
6282 0
6289 0
6289 1000000000
6321 1000000000
6321 0
6328 0
6328 1000000000
6333 1000000000
6333 0
6339 0
6339 1000000000
6385 1000000000
6385 0
6398 0
6398 1000000000
6434 1000000000
6434 0
6439 0
6439 1000000000
6442 1000000000
6442 0
6443 0
6443 1000000000
6452 1000000000
6452 0
6454 0
6454 1000000000
6495 1000000000
6495 0
6534 0
6534 1000000000
6542 1000000000
6542 0
6546 0
6546 1000000000
6572 1000000000
6572 0
6619 0
6619 1000000000
6623 1000000000
6623 0
6627 0
6627 1000000000
6656 1000000000
6656 0
6658 0
6658 1000000000
6702 1000000000
6702 0
6704 0
6704 1000000000
6773 1000000000
6773 0
6779 0
6779 1000000000
6795 1000000000
6795 0
6798 0
6798 1000000000
6812 1000000000
6812 0
6819 0
6819 1000000000
6823 1000000000
6823 0
6845 0
6845 1000000000
6851 1000000000
6851 0
6854 0
6854 1000000000
6879 1000000000
6879 0
6911 0
6911 1000000000
6944 1000000000
6944 0
6948 0
6948 1000000000
6951 1000000000
6951 0
6975 0
6975 1000000000
6981 1000000000
6981 0
6986 0
6986 1000000000
7014 1000000000
7014 0
7018 0
7018 1000000000
7036 1000000000
7036 0
7068 0
7068 1000000000
7089 1000000000
7089 0
7093 0
7093 1000000000
7094 1000000000
7094 0
7104 0
7104 1000000000
7107 1000000000
7107 0
7130 0
7130 1000000000
7131 1000000000
7131 0
7155 0
7155 1000000000
7159 1000000000
7159 0
7163 0
7163 1000000000
7181 1000000000
7181 0
7194 0
7194 1000000000
7198 1000000000
7198 0
7201 0
7201 1000000000
7203 1000000000
7203 0
7224 0
7224 1000000000
7285 1000000000
7285 0
7289 0
7289 1000000000
7293 1000000000
7293 0
7297 0
7297 1000000000
7336 1000000000
7336 0
7339 0
7339 1000000000
7341 1000000000
7341 0
7343 0
7343 1000000000
7376 1000000000
7376 0
7388 0
7388 1000000000
7390 1000000000
7390 0
7394 0
7394 1000000000
7402 1000000000
7402 0
7406 0
7406 1000000000
7412 1000000000
7412 0
7417 0
7417 1000000000
7458 1000000000
7458 0
7466 0
7466 1000000000
7468 1000000000
7468 0
7538 0
7538 1000000000
7542 1000000000
7542 0
7548 0
7548 1000000000
7567 1000000000
7567 0
7596 0
7596 1000000000
7599 1000000000
7599 0
7611 0
7611 1000000000
7618 1000000000
7618 0
7643 0
7643 1000000000
7648 1000000000
7648 0
7678 0
7678 1000000000
7746 1000000000
7746 0
7747 0
7747 1000000000
7762 1000000000
7762 0
7763 0
7763 1000000000
7821 1000000000
7821 0
7833 0
7833 1000000000
7835 1000000000
7835 0
7850 0
7850 1000000000
7854 1000000000
7854 0
7865 0
7865 1000000000
7866 1000000000
7866 0
7881 0
7881 1000000000
7905 1000000000
7905 0
7918 0
7918 1000000000
7921 1000000000
7921 0
7923 0
7923 1000000000
7932 1000000000
7932 0
7935 0
7935 1000000000
7952 1000000000
7952 0
7954 0
7954 1000000000
8002 1000000000
8002 0
8006 0
8006 1000000000
8014 1000000000
8014 0
8030 0
8030 1000000000
8037 1000000000
8037 0
8073 0
8073 1000000000
8078 1000000000
8078 0
8092 0
8092 1000000000
8094 1000000000
8094 0
8112 0
8112 1000000000
8137 1000000000
8137 0
8216 0
8216 1000000000
8254 1000000000
8254 0
8267 0
8267 1000000000
8269 1000000000
8269 0
8285 0
8285 1000000000
8303 1000000000
8303 0
8341 0
8341 1000000000
8343 1000000000
8343 0
8350 0
8350 1000000000
8351 1000000000
8351 0
8382 0
8382 1000000000
8401 1000000000
8401 0
8405 0
8405 1000000000
8424 1000000000
8424 0
8446 0
8446 1000000000
8468 1000000000
8468 0
8506 0
8506 1000000000
8544 1000000000
8544 0
8612 0
8612 1000000000
8615 1000000000
8615 0
8622 0
8622 1000000000
8628 1000000000
8628 0
8630 0
8630 1000000000
8631 1000000000
8631 0
8701 0
8701 1000000000
8720 1000000000
8720 0
8750 0
8750 1000000000
8772 1000000000
8772 0
8794 0
8794 1000000000
8799 1000000000
8799 0
8810 0
8810 1000000000
8819 1000000000
8819 0
8842 0
8842 1000000000
8845 1000000000
8845 0
8855 0
8855 1000000000
8865 1000000000
8865 0
8878 0
8878 1000000000
8892 1000000000
8892 0
8904 0
8904 1000000000
8935 1000000000
8935 0
8940 0
8940 1000000000
8944 1000000000
8944 0
8990 0
8990 1000000000
9013 1000000000
9013 0
9019 0
9019 1000000000
9021 1000000000
9021 0
9056 0
9056 1000000000
9059 1000000000
9059 0
9078 0
9078 1000000000
9106 1000000000
9106 0
9144 0
9144 1000000000
9146 1000000000
9146 0
9166 0
9166 1000000000
9214 1000000000
9214 0
9216 0
9216 1000000000
9240 1000000000
9240 0
9271 0
9271 1000000000
9334 1000000000
9334 0
9341 0
9341 1000000000
9353 1000000000
9353 0
9359 0
9359 1000000000
9382 1000000000
9382 0
9387 0
9387 1000000000
9396 1000000000
9396 0
9435 0
9435 1000000000
9452 1000000000
9452 0
9460 0
9460 1000000000
9468 1000000000
9468 0
9479 0
9479 1000000000
9496 1000000000
9496 0
9498 0
9498 1000000000
9503 1000000000
9503 0
9525 0
9525 1000000000
9526 1000000000
9526 0
9557 0
9557 1000000000
9559 1000000000
9559 0
9564 0
9564 1000000000
9582 1000000000
9582 0
9587 0
9587 1000000000
9612 1000000000
9612 0
9635 0
9635 1000000000
9655 1000000000
9655 0
9702 0
9702 1000000000
9762 1000000000
9762 0
9765 0
9765 1000000000
9790 1000000000
9790 0
9811 0
9811 1000000000
9826 1000000000
9826 0
9830 0
9830 1000000000
9833 1000000000
9833 0
9845 0
9845 1000000000
9854 1000000000
9854 0
9859 0
9859 1000000000
9877 1000000000
9877 0
9892 0
9892 1000000000
9896 1000000000
9896 0
9905 0
9905 1000000000
9907 1000000000
9907 0
9915 0
9915 1000000000
9921 1000000000
9921 0
9925 0
9925 1000000000
9950 1000000000
9950 0
9956 0
9956 1000000000
9966 1000000000
9966 0
9979 0
9979 1000000000
10001 1000000000
10001 0
